{"/Users/gio/git/pi-gen/src/commands/compile.ts":{"path":"/Users/gio/git/pi-gen/src/commands/compile.ts","statementMap":{"0":{"start":{"line":2,"column":0},"end":{"line":2,"column":62}},"1":{"start":{"line":3,"column":18},"end":{"line":3,"column":43}},"2":{"start":{"line":4,"column":17},"end":{"line":4,"column":37}},"3":{"start":{"line":7,"column":25},"end":{"line":7,"column":44}},"4":{"start":{"line":8,"column":16},"end":{"line":11,"column":20}},"5":{"start":{"line":12,"column":8},"end":{"line":12,"column":39}},"6":{"start":{"line":18,"column":0},"end":{"line":18,"column":49}},"7":{"start":{"line":19,"column":0},"end":{"line":21,"column":2}},"8":{"start":{"line":29,"column":0},"end":{"line":35,"column":2}},"9":{"start":{"line":36,"column":0},"end":{"line":36,"column":26}}},"fnMap":{"0":{"name":"(anonymous_0)","decl":{"start":{"line":6,"column":4},"end":{"line":6,"column":5}},"loc":{"start":{"line":6,"column":16},"end":{"line":16,"column":5}},"line":6}},"branchMap":{},"s":{"0":1,"1":1,"2":1,"3":1,"4":1,"5":1,"6":1,"7":1,"8":1,"9":1},"f":{"0":1},"b":{},"_coverageSchema":"332fd63041d2c1bcb487cc26dd0d5f7d97098a6c","hash":"ee8929aa2ec0700e657fa9278c57620f27949edd","contentHash":"73568122e195df636f02109c7eefee6a_10.3.2"},"/Users/gio/git/pi-gen/src/pi-gen.ts":{"path":"/Users/gio/git/pi-gen/src/pi-gen.ts","statementMap":{"0":{"start":{"line":2,"column":0},"end":{"line":2,"column":62}},"1":{"start":{"line":3,"column":13},"end":{"line":3,"column":28}},"2":{"start":{"line":4,"column":17},"end":{"line":4,"column":42}},"3":{"start":{"line":5,"column":11},"end":{"line":5,"column":24}},"4":{"start":{"line":6,"column":17},"end":{"line":6,"column":37}},"5":{"start":{"line":9,"column":8},"end":{"line":9,"column":31}},"6":{"start":{"line":10,"column":8},"end":{"line":10,"column":23}},"7":{"start":{"line":15,"column":8},"end":{"line":15,"column":40}},"8":{"start":{"line":20,"column":8},"end":{"line":20,"column":36}},"9":{"start":{"line":21,"column":8},"end":{"line":21,"column":33}},"10":{"start":{"line":24,"column":8},"end":{"line":25,"column":34}},"11":{"start":{"line":25,"column":12},"end":{"line":25,"column":34}},"12":{"start":{"line":26,"column":8},"end":{"line":31,"column":11}},"13":{"start":{"line":27,"column":20},"end":{"line":27,"column":62}},"14":{"start":{"line":28,"column":23},"end":{"line":28,"column":33}},"15":{"start":{"line":29,"column":12},"end":{"line":29,"column":30}},"16":{"start":{"line":30,"column":12},"end":{"line":30,"column":42}},"17":{"start":{"line":32,"column":8},"end":{"line":32,"column":20}},"18":{"start":{"line":35,"column":8},"end":{"line":41,"column":11}},"19":{"start":{"line":36,"column":22},"end":{"line":36,"column":74}},"20":{"start":{"line":37,"column":28},"end":{"line":37,"column":64}},"21":{"start":{"line":38,"column":12},"end":{"line":39,"column":54}},"22":{"start":{"line":39,"column":16},"end":{"line":39,"column":54}},"23":{"start":{"line":40,"column":12},"end":{"line":40,"column":45}},"24":{"start":{"line":42,"column":8},"end":{"line":42,"column":20}},"25":{"start":{"line":45,"column":22},"end":{"line":45,"column":64}},"26":{"start":{"line":46,"column":8},"end":{"line":46,"column":39}},"27":{"start":{"line":47,"column":8},"end":{"line":52,"column":11}},"28":{"start":{"line":48,"column":12},"end":{"line":48,"column":30}},"29":{"start":{"line":49,"column":20},"end":{"line":49,"column":81}},"30":{"start":{"line":50,"column":22},"end":{"line":50,"column":44}},"31":{"start":{"line":51,"column":12},"end":{"line":51,"column":49}},"32":{"start":{"line":53,"column":8},"end":{"line":53,"column":20}},"33":{"start":{"line":56,"column":0},"end":{"line":56,"column":24}}},"fnMap":{"0":{"name":"(anonymous_0)","decl":{"start":{"line":8,"column":4},"end":{"line":8,"column":5}},"loc":{"start":{"line":8,"column":18},"end":{"line":11,"column":5}},"line":8},"1":{"name":"(anonymous_1)","decl":{"start":{"line":14,"column":4},"end":{"line":14,"column":5}},"loc":{"start":{"line":14,"column":18},"end":{"line":16,"column":5}},"line":14},"2":{"name":"(anonymous_2)","decl":{"start":{"line":19,"column":4},"end":{"line":19,"column":5}},"loc":{"start":{"line":19,"column":18},"end":{"line":22,"column":5}},"line":19},"3":{"name":"(anonymous_3)","decl":{"start":{"line":23,"column":4},"end":{"line":23,"column":5}},"loc":{"start":{"line":23,"column":17},"end":{"line":33,"column":5}},"line":23},"4":{"name":"(anonymous_4)","decl":{"start":{"line":26,"column":22},"end":{"line":26,"column":23}},"loc":{"start":{"line":26,"column":29},"end":{"line":31,"column":9}},"line":26},"5":{"name":"(anonymous_5)","decl":{"start":{"line":34,"column":4},"end":{"line":34,"column":5}},"loc":{"start":{"line":34,"column":12},"end":{"line":43,"column":5}},"line":34},"6":{"name":"(anonymous_6)","decl":{"start":{"line":35,"column":33},"end":{"line":35,"column":34}},"loc":{"start":{"line":35,"column":48},"end":{"line":41,"column":9}},"line":35},"7":{"name":"(anonymous_7)","decl":{"start":{"line":44,"column":4},"end":{"line":44,"column":5}},"loc":{"start":{"line":44,"column":11},"end":{"line":54,"column":5}},"line":44},"8":{"name":"(anonymous_8)","decl":{"start":{"line":47,"column":22},"end":{"line":47,"column":23}},"loc":{"start":{"line":47,"column":32},"end":{"line":52,"column":9}},"line":47}},"branchMap":{"0":{"loc":{"start":{"line":24,"column":8},"end":{"line":25,"column":34}},"type":"if","locations":[{"start":{"line":24,"column":8},"end":{"line":25,"column":34}},{"start":{"line":24,"column":8},"end":{"line":25,"column":34}}],"line":24},"1":{"loc":{"start":{"line":38,"column":12},"end":{"line":39,"column":54}},"type":"if","locations":[{"start":{"line":38,"column":12},"end":{"line":39,"column":54}},{"start":{"line":38,"column":12},"end":{"line":39,"column":54}}],"line":38}},"s":{"0":1,"1":1,"2":1,"3":1,"4":1,"5":1,"6":1,"7":1,"8":1,"9":1,"10":1,"11":0,"12":1,"13":1,"14":1,"15":1,"16":1,"17":1,"18":1,"19":1,"20":1,"21":1,"22":0,"23":1,"24":1,"25":1,"26":1,"27":1,"28":1,"29":1,"30":1,"31":1,"32":1,"33":1},"f":{"0":1,"1":1,"2":1,"3":1,"4":1,"5":1,"6":1,"7":1,"8":1},"b":{"0":[0,1],"1":[0,1]},"_coverageSchema":"332fd63041d2c1bcb487cc26dd0d5f7d97098a6c","hash":"3358db149668e0c34907fd1c877d55f2ce615efa","contentHash":"9115be34584f71d2685696f550ee4d41_10.3.2"},"/Users/gio/git/pi-gen/pi-template/index.js":{"path":"/Users/gio/git/pi-gen/pi-template/index.js","statementMap":{"0":{"start":{"line":2,"column":14},"end":{"line":2,"column":32}},"1":{"start":{"line":3,"column":17},"end":{"line":3,"column":39}},"2":{"start":{"line":4,"column":20},"end":{"line":4,"column":38}},"3":{"start":{"line":5,"column":18},"end":{"line":5,"column":40}},"4":{"start":{"line":7,"column":17},"end":{"line":99,"column":1}},"5":{"start":{"line":10,"column":2},"end":{"line":10,"column":26}},"6":{"start":{"line":11,"column":2},"end":{"line":11,"column":34}},"7":{"start":{"line":13,"column":2},"end":{"line":15,"column":3}},"8":{"start":{"line":14,"column":4},"end":{"line":14,"column":48}},"9":{"start":{"line":17,"column":15},"end":{"line":17,"column":74}},"10":{"start":{"line":19,"column":2},"end":{"line":19,"column":21}},"11":{"start":{"line":21,"column":2},"end":{"line":23,"column":5}},"12":{"start":{"line":22,"column":4},"end":{"line":22,"column":52}},"13":{"start":{"line":26,"column":2},"end":{"line":26,"column":19}},"14":{"start":{"line":27,"column":2},"end":{"line":29,"column":5}},"15":{"start":{"line":28,"column":4},"end":{"line":28,"column":73}},"16":{"start":{"line":31,"column":2},"end":{"line":77,"column":3}},"17":{"start":{"line":33,"column":4},"end":{"line":40,"column":5}},"18":{"start":{"line":34,"column":6},"end":{"line":34,"column":24}},"19":{"start":{"line":37,"column":6},"end":{"line":37,"column":38}},"20":{"start":{"line":39,"column":6},"end":{"line":39,"column":66}},"21":{"start":{"line":43,"column":4},"end":{"line":45,"column":5}},"22":{"start":{"line":44,"column":6},"end":{"line":44,"column":38}},"23":{"start":{"line":47,"column":4},"end":{"line":49,"column":5}},"24":{"start":{"line":48,"column":6},"end":{"line":48,"column":28}},"25":{"start":{"line":50,"column":4},"end":{"line":52,"column":5}},"26":{"start":{"line":51,"column":6},"end":{"line":51,"column":57}},"27":{"start":{"line":53,"column":12},"end":{"line":53,"column":54}},"28":{"start":{"line":56,"column":4},"end":{"line":58,"column":7}},"29":{"start":{"line":57,"column":6},"end":{"line":57,"column":40}},"30":{"start":{"line":63,"column":4},"end":{"line":72,"column":8}},"31":{"start":{"line":71,"column":8},"end":{"line":71,"column":78}},"32":{"start":{"line":74,"column":4},"end":{"line":76,"column":5}},"33":{"start":{"line":75,"column":6},"end":{"line":75,"column":50}},"34":{"start":{"line":79,"column":2},"end":{"line":98,"column":3}},"35":{"start":{"line":80,"column":4},"end":{"line":80,"column":18}},"36":{"start":{"line":82,"column":4},"end":{"line":97,"column":5}},"37":{"start":{"line":83,"column":6},"end":{"line":83,"column":38}},"38":{"start":{"line":85,"column":6},"end":{"line":96,"column":7}},"39":{"start":{"line":86,"column":8},"end":{"line":86,"column":36}},"40":{"start":{"line":88,"column":20},"end":{"line":88,"column":38}},"41":{"start":{"line":89,"column":8},"end":{"line":91,"column":9}},"42":{"start":{"line":90,"column":10},"end":{"line":90,"column":39}},"43":{"start":{"line":92,"column":8},"end":{"line":92,"column":64}},"44":{"start":{"line":93,"column":8},"end":{"line":93,"column":47}},"45":{"start":{"line":94,"column":8},"end":{"line":94,"column":34}},"46":{"start":{"line":95,"column":8},"end":{"line":95,"column":16}},"47":{"start":{"line":102,"column":0},"end":{"line":102,"column":41}},"48":{"start":{"line":105,"column":0},"end":{"line":112,"column":2}},"49":{"start":{"line":115,"column":0},"end":{"line":124,"column":2}},"50":{"start":{"line":127,"column":0},"end":{"line":127,"column":46}},"51":{"start":{"line":130,"column":0},"end":{"line":130,"column":28}}},"fnMap":{"0":{"name":"(anonymous_0)","decl":{"start":{"line":7,"column":17},"end":{"line":7,"column":18}},"loc":{"start":{"line":7,"column":62},"end":{"line":99,"column":1}},"line":7},"1":{"name":"(anonymous_1)","decl":{"start":{"line":21,"column":32},"end":{"line":21,"column":33}},"loc":{"start":{"line":21,"column":47},"end":{"line":23,"column":3}},"line":21},"2":{"name":"(anonymous_2)","decl":{"start":{"line":27,"column":40},"end":{"line":27,"column":41}},"loc":{"start":{"line":27,"column":56},"end":{"line":29,"column":3}},"line":27},"3":{"name":"(anonymous_3)","decl":{"start":{"line":56,"column":34},"end":{"line":56,"column":35}},"loc":{"start":{"line":56,"column":49},"end":{"line":58,"column":5}},"line":56},"4":{"name":"(anonymous_4)","decl":{"start":{"line":70,"column":29},"end":{"line":70,"column":30}},"loc":{"start":{"line":70,"column":55},"end":{"line":72,"column":7}},"line":70}},"branchMap":{"0":{"loc":{"start":{"line":10,"column":12},"end":{"line":10,"column":25}},"type":"binary-expr","locations":[{"start":{"line":10,"column":12},"end":{"line":10,"column":19}},{"start":{"line":10,"column":23},"end":{"line":10,"column":25}}],"line":10},"1":{"loc":{"start":{"line":13,"column":2},"end":{"line":15,"column":3}},"type":"if","locations":[{"start":{"line":13,"column":2},"end":{"line":15,"column":3}},{"start":{"line":13,"column":2},"end":{"line":15,"column":3}}],"line":13},"2":{"loc":{"start":{"line":17,"column":15},"end":{"line":17,"column":74}},"type":"cond-expr","locations":[{"start":{"line":17,"column":31},"end":{"line":17,"column":66}},{"start":{"line":17,"column":69},"end":{"line":17,"column":74}}],"line":17},"3":{"loc":{"start":{"line":22,"column":4},"end":{"line":22,"column":51}},"type":"binary-expr","locations":[{"start":{"line":22,"column":4},"end":{"line":22,"column":12}},{"start":{"line":22,"column":16},"end":{"line":22,"column":51}}],"line":22},"4":{"loc":{"start":{"line":31,"column":2},"end":{"line":77,"column":3}},"type":"if","locations":[{"start":{"line":31,"column":2},"end":{"line":77,"column":3}},{"start":{"line":31,"column":2},"end":{"line":77,"column":3}}],"line":31},"5":{"loc":{"start":{"line":33,"column":4},"end":{"line":40,"column":5}},"type":"if","locations":[{"start":{"line":33,"column":4},"end":{"line":40,"column":5}},{"start":{"line":33,"column":4},"end":{"line":40,"column":5}}],"line":33},"6":{"loc":{"start":{"line":43,"column":4},"end":{"line":45,"column":5}},"type":"if","locations":[{"start":{"line":43,"column":4},"end":{"line":45,"column":5}},{"start":{"line":43,"column":4},"end":{"line":45,"column":5}}],"line":43},"7":{"loc":{"start":{"line":47,"column":4},"end":{"line":49,"column":5}},"type":"if","locations":[{"start":{"line":47,"column":4},"end":{"line":49,"column":5}},{"start":{"line":47,"column":4},"end":{"line":49,"column":5}}],"line":47},"8":{"loc":{"start":{"line":50,"column":4},"end":{"line":52,"column":5}},"type":"if","locations":[{"start":{"line":50,"column":4},"end":{"line":52,"column":5}},{"start":{"line":50,"column":4},"end":{"line":52,"column":5}}],"line":50},"9":{"loc":{"start":{"line":74,"column":4},"end":{"line":76,"column":5}},"type":"if","locations":[{"start":{"line":74,"column":4},"end":{"line":76,"column":5}},{"start":{"line":74,"column":4},"end":{"line":76,"column":5}}],"line":74},"10":{"loc":{"start":{"line":79,"column":2},"end":{"line":98,"column":3}},"type":"if","locations":[{"start":{"line":79,"column":2},"end":{"line":98,"column":3}},{"start":{"line":79,"column":2},"end":{"line":98,"column":3}}],"line":79},"11":{"loc":{"start":{"line":85,"column":6},"end":{"line":96,"column":7}},"type":"if","locations":[{"start":{"line":85,"column":6},"end":{"line":96,"column":7}},{"start":{"line":85,"column":6},"end":{"line":96,"column":7}}],"line":85}},"s":{"0":1,"1":1,"2":1,"3":1,"4":1,"5":1,"6":1,"7":1,"8":1,"9":1,"10":1,"11":1,"12":6,"13":1,"14":1,"15":8,"16":1,"17":1,"18":0,"19":1,"20":1,"21":1,"22":0,"23":1,"24":1,"25":1,"26":1,"27":1,"28":1,"29":6,"30":1,"31":1,"32":1,"33":0,"34":1,"35":0,"36":1,"37":1,"38":0,"39":0,"40":0,"41":0,"42":0,"43":0,"44":0,"45":0,"46":0,"47":1,"48":1,"49":1,"50":1,"51":1},"f":{"0":1,"1":6,"2":8,"3":6,"4":1},"b":{"0":[1,1],"1":[1,0],"2":[0,1],"3":[6,3],"4":[1,0],"5":[0,1],"6":[0,1],"7":[1,0],"8":[1,0],"9":[0,1],"10":[0,1],"11":[0,0]},"_coverageSchema":"332fd63041d2c1bcb487cc26dd0d5f7d97098a6c","hash":"5999428d8e86750253b3402827db90d95ec567a2","contentHash":"7565ec9e8195142f7e87fbe37a27e63b_10.3.2"},"/Users/gio/git/pi-gen/pi-template/lib/cache.js":{"path":"/Users/gio/git/pi-gen/pi-template/lib/cache.js","statementMap":{"0":{"start":{"line":4,"column":2},"end":{"line":4,"column":29}},"1":{"start":{"line":5,"column":2},"end":{"line":5,"column":16}},"2":{"start":{"line":8,"column":0},"end":{"line":21,"column":1}},"3":{"start":{"line":10,"column":2},"end":{"line":12,"column":3}},"4":{"start":{"line":11,"column":4},"end":{"line":11,"column":11}},"5":{"start":{"line":14,"column":13},"end":{"line":14,"column":17}},"6":{"start":{"line":16,"column":2},"end":{"line":20,"column":5}},"7":{"start":{"line":17,"column":4},"end":{"line":17,"column":62}},"8":{"start":{"line":19,"column":4},"end":{"line":19,"column":23}},"9":{"start":{"line":23,"column":0},"end":{"line":25,"column":1}},"10":{"start":{"line":24,"column":2},"end":{"line":24,"column":24}},"11":{"start":{"line":27,"column":0},"end":{"line":29,"column":1}},"12":{"start":{"line":28,"column":2},"end":{"line":28,"column":23}},"13":{"start":{"line":31,"column":0},"end":{"line":31,"column":29}}},"fnMap":{"0":{"name":"SimpleCache","decl":{"start":{"line":3,"column":9},"end":{"line":3,"column":20}},"loc":{"start":{"line":3,"column":32},"end":{"line":6,"column":1}},"line":3},"1":{"name":"cacheRemove","decl":{"start":{"line":8,"column":40},"end":{"line":8,"column":51}},"loc":{"start":{"line":8,"column":57},"end":{"line":21,"column":1}},"line":8},"2":{"name":"(anonymous_2)","decl":{"start":{"line":16,"column":31},"end":{"line":16,"column":32}},"loc":{"start":{"line":16,"column":44},"end":{"line":18,"column":3}},"line":16},"3":{"name":"(anonymous_3)","decl":{"start":{"line":18,"column":13},"end":{"line":18,"column":14}},"loc":{"start":{"line":18,"column":26},"end":{"line":20,"column":3}},"line":18},"4":{"name":"cachePut","decl":{"start":{"line":23,"column":37},"end":{"line":23,"column":45}},"loc":{"start":{"line":23,"column":58},"end":{"line":25,"column":1}},"line":23},"5":{"name":"cacheGet","decl":{"start":{"line":27,"column":37},"end":{"line":27,"column":45}},"loc":{"start":{"line":27,"column":51},"end":{"line":29,"column":1}},"line":27}},"branchMap":{"0":{"loc":{"start":{"line":10,"column":2},"end":{"line":12,"column":3}},"type":"if","locations":[{"start":{"line":10,"column":2},"end":{"line":12,"column":3}},{"start":{"line":10,"column":2},"end":{"line":12,"column":3}}],"line":10},"1":{"loc":{"start":{"line":17,"column":11},"end":{"line":17,"column":61}},"type":"binary-expr","locations":[{"start":{"line":17,"column":11},"end":{"line":17,"column":20}},{"start":{"line":17,"column":24},"end":{"line":17,"column":61}}],"line":17}},"s":{"0":1,"1":1,"2":1,"3":0,"4":0,"5":0,"6":0,"7":0,"8":0,"9":1,"10":0,"11":1,"12":0,"13":1},"f":{"0":1,"1":0,"2":0,"3":0,"4":0,"5":0},"b":{"0":[0,0],"1":[0,0]},"_coverageSchema":"332fd63041d2c1bcb487cc26dd0d5f7d97098a6c","hash":"6982d1d2d6ab813971905a3d550d555a9907e756","contentHash":"198eac9d7057abd9c466c36b06584659_10.3.2"},"/Users/gio/git/pi-gen/pi-template/directives/include.js":{"path":"/Users/gio/git/pi-gen/pi-template/directives/include.js","statementMap":{"0":{"start":{"line":2,"column":11},"end":{"line":2,"column":26}},"1":{"start":{"line":8,"column":19},"end":{"line":8,"column":57}},"2":{"start":{"line":9,"column":2},"end":{"line":53,"column":5}},"3":{"start":{"line":10,"column":18},"end":{"line":10,"column":84}},"4":{"start":{"line":11,"column":24},"end":{"line":11,"column":26}},"5":{"start":{"line":12,"column":36},"end":{"line":12,"column":38}},"6":{"start":{"line":14,"column":4},"end":{"line":19,"column":7}},"7":{"start":{"line":15,"column":19},"end":{"line":15,"column":106}},"8":{"start":{"line":16,"column":6},"end":{"line":18,"column":7}},"9":{"start":{"line":17,"column":8},"end":{"line":17,"column":35}},"10":{"start":{"line":22,"column":4},"end":{"line":39,"column":5}},"11":{"start":{"line":24,"column":6},"end":{"line":24,"column":54}},"12":{"start":{"line":25,"column":6},"end":{"line":27,"column":7}},"13":{"start":{"line":26,"column":8},"end":{"line":26,"column":23}},"14":{"start":{"line":29,"column":6},"end":{"line":38,"column":25}},"15":{"start":{"line":30,"column":20},"end":{"line":30,"column":22}},"16":{"start":{"line":31,"column":8},"end":{"line":33,"column":9}},"17":{"start":{"line":32,"column":10},"end":{"line":32,"column":52}},"18":{"start":{"line":34,"column":8},"end":{"line":36,"column":9}},"19":{"start":{"line":35,"column":10},"end":{"line":35,"column":56}},"20":{"start":{"line":37,"column":8},"end":{"line":37,"column":57}},"21":{"start":{"line":40,"column":15},"end":{"line":40,"column":63}},"22":{"start":{"line":41,"column":4},"end":{"line":50,"column":5}},"23":{"start":{"line":42,"column":18},"end":{"line":42,"column":33}},"24":{"start":{"line":43,"column":24},"end":{"line":43,"column":26}},"25":{"start":{"line":44,"column":6},"end":{"line":46,"column":7}},"26":{"start":{"line":45,"column":8},"end":{"line":45,"column":58}},"27":{"start":{"line":47,"column":6},"end":{"line":47,"column":211}},"28":{"start":{"line":49,"column":6},"end":{"line":49,"column":96}},"29":{"start":{"line":51,"column":4},"end":{"line":51,"column":52}},"30":{"start":{"line":52,"column":4},"end":{"line":52,"column":60}},"31":{"start":{"line":56,"column":0},"end":{"line":80,"column":2}},"32":{"start":{"line":57,"column":2},"end":{"line":79,"column":4}},"33":{"start":{"line":58,"column":25},"end":{"line":58,"column":51}},"34":{"start":{"line":59,"column":21},"end":{"line":59,"column":53}},"35":{"start":{"line":60,"column":4},"end":{"line":60,"column":70}},"36":{"start":{"line":61,"column":4},"end":{"line":63,"column":5}},"37":{"start":{"line":62,"column":6},"end":{"line":62,"column":50}},"38":{"start":{"line":64,"column":4},"end":{"line":66,"column":5}},"39":{"start":{"line":65,"column":6},"end":{"line":65,"column":88}},"40":{"start":{"line":68,"column":22},"end":{"line":68,"column":29}},"41":{"start":{"line":69,"column":4},"end":{"line":69,"column":29}},"42":{"start":{"line":70,"column":4},"end":{"line":70,"column":22}},"43":{"start":{"line":71,"column":4},"end":{"line":75,"column":5}},"44":{"start":{"line":72,"column":6},"end":{"line":74,"column":7}},"45":{"start":{"line":73,"column":8},"end":{"line":73,"column":49}},"46":{"start":{"line":77,"column":23},"end":{"line":77,"column":83}},"47":{"start":{"line":78,"column":4},"end":{"line":78,"column":24}},"48":{"start":{"line":82,"column":0},"end":{"line":82,"column":33}}},"fnMap":{"0":{"name":"IncludeDirective","decl":{"start":{"line":4,"column":9},"end":{"line":4,"column":25}},"loc":{"start":{"line":4,"column":61},"end":{"line":54,"column":1}},"line":4},"1":{"name":"(anonymous_1)","decl":{"start":{"line":9,"column":18},"end":{"line":9,"column":19}},"loc":{"start":{"line":9,"column":37},"end":{"line":53,"column":3}},"line":9},"2":{"name":"(anonymous_2)","decl":{"start":{"line":14,"column":60},"end":{"line":14,"column":61}},"loc":{"start":{"line":14,"column":82},"end":{"line":19,"column":5}},"line":14},"3":{"name":"(anonymous_3)","decl":{"start":{"line":29,"column":40},"end":{"line":29,"column":41}},"loc":{"start":{"line":29,"column":54},"end":{"line":38,"column":7}},"line":29},"4":{"name":"(anonymous_4)","decl":{"start":{"line":56,"column":24},"end":{"line":56,"column":25}},"loc":{"start":{"line":56,"column":66},"end":{"line":80,"column":1}},"line":56},"5":{"name":"htIncludeFunc","decl":{"start":{"line":57,"column":41},"end":{"line":57,"column":54}},"loc":{"start":{"line":57,"column":80},"end":{"line":79,"column":3}},"line":57}},"branchMap":{"0":{"loc":{"start":{"line":10,"column":19},"end":{"line":10,"column":76}},"type":"binary-expr","locations":[{"start":{"line":10,"column":19},"end":{"line":10,"column":68}},{"start":{"line":10,"column":72},"end":{"line":10,"column":76}}],"line":10},"1":{"loc":{"start":{"line":16,"column":6},"end":{"line":18,"column":7}},"type":"if","locations":[{"start":{"line":16,"column":6},"end":{"line":18,"column":7}},{"start":{"line":16,"column":6},"end":{"line":18,"column":7}}],"line":16},"2":{"loc":{"start":{"line":22,"column":4},"end":{"line":39,"column":5}},"type":"if","locations":[{"start":{"line":22,"column":4},"end":{"line":39,"column":5}},{"start":{"line":22,"column":4},"end":{"line":39,"column":5}}],"line":22},"3":{"loc":{"start":{"line":25,"column":6},"end":{"line":27,"column":7}},"type":"if","locations":[{"start":{"line":25,"column":6},"end":{"line":27,"column":7}},{"start":{"line":25,"column":6},"end":{"line":27,"column":7}}],"line":25},"4":{"loc":{"start":{"line":31,"column":8},"end":{"line":33,"column":9}},"type":"if","locations":[{"start":{"line":31,"column":8},"end":{"line":33,"column":9}},{"start":{"line":31,"column":8},"end":{"line":33,"column":9}}],"line":31},"5":{"loc":{"start":{"line":34,"column":8},"end":{"line":36,"column":9}},"type":"if","locations":[{"start":{"line":34,"column":8},"end":{"line":36,"column":9}},{"start":{"line":34,"column":8},"end":{"line":36,"column":9}}],"line":34},"6":{"loc":{"start":{"line":37,"column":15},"end":{"line":37,"column":56}},"type":"cond-expr","locations":[{"start":{"line":37,"column":34},"end":{"line":37,"column":49}},{"start":{"line":37,"column":52},"end":{"line":37,"column":56}}],"line":37},"7":{"loc":{"start":{"line":41,"column":4},"end":{"line":50,"column":5}},"type":"if","locations":[{"start":{"line":41,"column":4},"end":{"line":50,"column":5}},{"start":{"line":41,"column":4},"end":{"line":50,"column":5}}],"line":41},"8":{"loc":{"start":{"line":60,"column":43},"end":{"line":60,"column":68}},"type":"binary-expr","locations":[{"start":{"line":60,"column":43},"end":{"line":60,"column":62}},{"start":{"line":60,"column":66},"end":{"line":60,"column":68}}],"line":60},"9":{"loc":{"start":{"line":61,"column":4},"end":{"line":63,"column":5}},"type":"if","locations":[{"start":{"line":61,"column":4},"end":{"line":63,"column":5}},{"start":{"line":61,"column":4},"end":{"line":63,"column":5}}],"line":61},"10":{"loc":{"start":{"line":64,"column":4},"end":{"line":66,"column":5}},"type":"if","locations":[{"start":{"line":64,"column":4},"end":{"line":66,"column":5}},{"start":{"line":64,"column":4},"end":{"line":66,"column":5}}],"line":64},"11":{"loc":{"start":{"line":72,"column":6},"end":{"line":74,"column":7}},"type":"if","locations":[{"start":{"line":72,"column":6},"end":{"line":74,"column":7}},{"start":{"line":72,"column":6},"end":{"line":74,"column":7}}],"line":72}},"s":{"0":1,"1":1,"2":1,"3":0,"4":0,"5":0,"6":0,"7":0,"8":0,"9":0,"10":0,"11":0,"12":0,"13":0,"14":0,"15":0,"16":0,"17":0,"18":0,"19":0,"20":0,"21":0,"22":0,"23":0,"24":0,"25":0,"26":0,"27":0,"28":0,"29":0,"30":0,"31":1,"32":1,"33":0,"34":0,"35":0,"36":0,"37":0,"38":0,"39":0,"40":0,"41":0,"42":0,"43":0,"44":0,"45":0,"46":0,"47":0,"48":1},"f":{"0":1,"1":0,"2":0,"3":0,"4":1,"5":0},"b":{"0":[0,0],"1":[0,0],"2":[0,0],"3":[0,0],"4":[0,0],"5":[0,0],"6":[0,0],"7":[0,0],"8":[0,0],"9":[0,0],"10":[0,0],"11":[0,0]},"_coverageSchema":"332fd63041d2c1bcb487cc26dd0d5f7d97098a6c","hash":"9ebbf38e0bd814726efc7e0f227bbf567ea166d5","contentHash":"d2b391f58473a9c0d8fca2dd334eead4_10.3.2"},"/Users/gio/git/pi-gen/pi-template/directives/repeat.js":{"path":"/Users/gio/git/pi-gen/pi-template/directives/repeat.js","statementMap":{"0":{"start":{"line":7,"column":18},"end":{"line":7,"column":55}},"1":{"start":{"line":8,"column":2},"end":{"line":22,"column":5}},"2":{"start":{"line":9,"column":15},"end":{"line":9,"column":62}},"3":{"start":{"line":10,"column":17},"end":{"line":10,"column":68}},"4":{"start":{"line":11,"column":4},"end":{"line":11,"column":24}},"5":{"start":{"line":11,"column":17},"end":{"line":11,"column":24}},"6":{"start":{"line":12,"column":18},"end":{"line":12,"column":77}},"7":{"start":{"line":14,"column":6},"end":{"line":16,"column":87}},"8":{"start":{"line":18,"column":4},"end":{"line":18,"column":30}},"9":{"start":{"line":19,"column":4},"end":{"line":19,"column":35}},"10":{"start":{"line":21,"column":4},"end":{"line":21,"column":51}},"11":{"start":{"line":25,"column":0},"end":{"line":25,"column":32}}},"fnMap":{"0":{"name":"RepeatDirective","decl":{"start":{"line":3,"column":9},"end":{"line":3,"column":24}},"loc":{"start":{"line":3,"column":60},"end":{"line":23,"column":1}},"line":3},"1":{"name":"(anonymous_1)","decl":{"start":{"line":8,"column":17},"end":{"line":8,"column":18}},"loc":{"start":{"line":8,"column":36},"end":{"line":22,"column":3}},"line":8}},"branchMap":{"0":{"loc":{"start":{"line":11,"column":4},"end":{"line":11,"column":24}},"type":"if","locations":[{"start":{"line":11,"column":4},"end":{"line":11,"column":24}},{"start":{"line":11,"column":4},"end":{"line":11,"column":24}}],"line":11}},"s":{"0":1,"1":1,"2":0,"3":0,"4":0,"5":0,"6":0,"7":0,"8":0,"9":0,"10":0,"11":1},"f":{"0":1,"1":0},"b":{"0":[0,0]},"_coverageSchema":"332fd63041d2c1bcb487cc26dd0d5f7d97098a6c","hash":"e21cf7a15dc64dc425adee70fb5ac8e42df5658e","contentHash":"7e166eca82479d80eda034513497c4d3_10.3.2"},"/Users/gio/git/pi-gen/pi-template/directives/if.js":{"path":"/Users/gio/git/pi-gen/pi-template/directives/if.js","statementMap":{"0":{"start":{"line":7,"column":14},"end":{"line":7,"column":47}},"1":{"start":{"line":8,"column":2},"end":{"line":13,"column":5}},"2":{"start":{"line":9,"column":15},"end":{"line":9,"column":58}},"3":{"start":{"line":10,"column":4},"end":{"line":10,"column":54}},"4":{"start":{"line":11,"column":4},"end":{"line":11,"column":35}},"5":{"start":{"line":12,"column":4},"end":{"line":12,"column":47}},"6":{"start":{"line":16,"column":0},"end":{"line":16,"column":28}}},"fnMap":{"0":{"name":"IfDirective","decl":{"start":{"line":3,"column":9},"end":{"line":3,"column":20}},"loc":{"start":{"line":3,"column":56},"end":{"line":14,"column":1}},"line":3},"1":{"name":"(anonymous_1)","decl":{"start":{"line":8,"column":13},"end":{"line":8,"column":14}},"loc":{"start":{"line":8,"column":32},"end":{"line":13,"column":3}},"line":8}},"branchMap":{},"s":{"0":1,"1":1,"2":0,"3":0,"4":0,"5":0,"6":1},"f":{"0":1,"1":0},"b":{},"_coverageSchema":"332fd63041d2c1bcb487cc26dd0d5f7d97098a6c","hash":"bec2fd34e4d5e237e40458f966af8d44bd95aef5","contentHash":"2af9f3ee4cba5ab7456d51396462a3a0_10.3.2"},"/Users/gio/git/pi-gen/pi-template/directives/class.js":{"path":"/Users/gio/git/pi-gen/pi-template/directives/class.js","statementMap":{"0":{"start":{"line":7,"column":16},"end":{"line":7,"column":52}},"1":{"start":{"line":8,"column":2},"end":{"line":17,"column":5}},"2":{"start":{"line":9,"column":15},"end":{"line":9,"column":61}},"3":{"start":{"line":10,"column":18},"end":{"line":10,"column":54}},"4":{"start":{"line":11,"column":4},"end":{"line":13,"column":5}},"5":{"start":{"line":12,"column":6},"end":{"line":12,"column":21}},"6":{"start":{"line":15,"column":4},"end":{"line":15,"column":50}},"7":{"start":{"line":16,"column":4},"end":{"line":16,"column":85}},"8":{"start":{"line":20,"column":0},"end":{"line":37,"column":2}},"9":{"start":{"line":21,"column":2},"end":{"line":36,"column":3}},"10":{"start":{"line":23,"column":4},"end":{"line":31,"column":5}},"11":{"start":{"line":24,"column":6},"end":{"line":24,"column":42}},"12":{"start":{"line":25,"column":11},"end":{"line":31,"column":5}},"13":{"start":{"line":26,"column":6},"end":{"line":28,"column":9}},"14":{"start":{"line":27,"column":8},"end":{"line":27,"column":56}},"15":{"start":{"line":30,"column":6},"end":{"line":30,"column":42}},"16":{"start":{"line":33,"column":4},"end":{"line":35,"column":16}},"17":{"start":{"line":34,"column":6},"end":{"line":34,"column":17}},"18":{"start":{"line":39,"column":0},"end":{"line":39,"column":31}}},"fnMap":{"0":{"name":"ClassDirective","decl":{"start":{"line":3,"column":9},"end":{"line":3,"column":23}},"loc":{"start":{"line":3,"column":59},"end":{"line":18,"column":1}},"line":3},"1":{"name":"(anonymous_1)","decl":{"start":{"line":8,"column":15},"end":{"line":8,"column":16}},"loc":{"start":{"line":8,"column":34},"end":{"line":17,"column":3}},"line":8},"2":{"name":"(anonymous_2)","decl":{"start":{"line":20,"column":22},"end":{"line":20,"column":23}},"loc":{"start":{"line":20,"column":64},"end":{"line":37,"column":1}},"line":20},"3":{"name":"generateClassList","decl":{"start":{"line":21,"column":45},"end":{"line":21,"column":62}},"loc":{"start":{"line":21,"column":70},"end":{"line":36,"column":3}},"line":21},"4":{"name":"(anonymous_4)","decl":{"start":{"line":26,"column":36},"end":{"line":26,"column":37}},"loc":{"start":{"line":26,"column":51},"end":{"line":28,"column":7}},"line":26},"5":{"name":"(anonymous_5)","decl":{"start":{"line":33,"column":23},"end":{"line":33,"column":24}},"loc":{"start":{"line":33,"column":36},"end":{"line":35,"column":5}},"line":33}},"branchMap":{"0":{"loc":{"start":{"line":10,"column":19},"end":{"line":10,"column":46}},"type":"binary-expr","locations":[{"start":{"line":10,"column":19},"end":{"line":10,"column":40}},{"start":{"line":10,"column":44},"end":{"line":10,"column":46}}],"line":10},"1":{"loc":{"start":{"line":11,"column":4},"end":{"line":13,"column":5}},"type":"if","locations":[{"start":{"line":11,"column":4},"end":{"line":13,"column":5}},{"start":{"line":11,"column":4},"end":{"line":13,"column":5}}],"line":11},"2":{"loc":{"start":{"line":23,"column":4},"end":{"line":31,"column":5}},"type":"if","locations":[{"start":{"line":23,"column":4},"end":{"line":31,"column":5}},{"start":{"line":23,"column":4},"end":{"line":31,"column":5}}],"line":23},"3":{"loc":{"start":{"line":25,"column":11},"end":{"line":31,"column":5}},"type":"if","locations":[{"start":{"line":25,"column":11},"end":{"line":31,"column":5}},{"start":{"line":25,"column":11},"end":{"line":31,"column":5}}],"line":25},"4":{"loc":{"start":{"line":27,"column":15},"end":{"line":27,"column":55}},"type":"cond-expr","locations":[{"start":{"line":27,"column":28},"end":{"line":27,"column":50}},{"start":{"line":27,"column":53},"end":{"line":27,"column":55}}],"line":27},"5":{"loc":{"start":{"line":30,"column":14},"end":{"line":30,"column":40}},"type":"cond-expr","locations":[{"start":{"line":30,"column":22},"end":{"line":30,"column":35}},{"start":{"line":30,"column":38},"end":{"line":30,"column":40}}],"line":30}},"s":{"0":1,"1":1,"2":0,"3":0,"4":0,"5":0,"6":0,"7":0,"8":1,"9":1,"10":0,"11":0,"12":0,"13":0,"14":0,"15":0,"16":0,"17":0,"18":1},"f":{"0":1,"1":0,"2":1,"3":0,"4":0,"5":0},"b":{"0":[0,0],"1":[0,0],"2":[0,0],"3":[0,0],"4":[0,0],"5":[0,0]},"_coverageSchema":"332fd63041d2c1bcb487cc26dd0d5f7d97098a6c","hash":"7a07e4e7c9e51a345648b54dc08fd90629bb760f","contentHash":"fdba72ed4728aa94c2c2aec9d13ea03f_10.3.2"},"/Users/gio/git/pi-gen/pi-template/directives/bind.js":{"path":"/Users/gio/git/pi-gen/pi-template/directives/bind.js","statementMap":{"0":{"start":{"line":4,"column":2},"end":{"line":11,"column":5}},"1":{"start":{"line":5,"column":16},"end":{"line":5,"column":59}},"2":{"start":{"line":6,"column":4},"end":{"line":10,"column":7}},"3":{"start":{"line":7,"column":17},"end":{"line":7,"column":65}},"4":{"start":{"line":8,"column":6},"end":{"line":8,"column":41}},"5":{"start":{"line":9,"column":6},"end":{"line":9,"column":54}},"6":{"start":{"line":14,"column":0},"end":{"line":14,"column":30}}},"fnMap":{"0":{"name":"BindDirective","decl":{"start":{"line":3,"column":9},"end":{"line":3,"column":22}},"loc":{"start":{"line":3,"column":58},"end":{"line":12,"column":1}},"line":3},"1":{"name":"(anonymous_1)","decl":{"start":{"line":4,"column":32},"end":{"line":4,"column":33}},"loc":{"start":{"line":4,"column":48},"end":{"line":11,"column":3}},"line":4},"2":{"name":"(anonymous_2)","decl":{"start":{"line":6,"column":15},"end":{"line":6,"column":16}},"loc":{"start":{"line":6,"column":34},"end":{"line":10,"column":5}},"line":6}},"branchMap":{},"s":{"0":1,"1":2,"2":2,"3":0,"4":0,"5":0,"6":1},"f":{"0":1,"1":2,"2":0},"b":{},"_coverageSchema":"332fd63041d2c1bcb487cc26dd0d5f7d97098a6c","hash":"cfd1073dafadd6221125701c5e2f4a34d11e146b","contentHash":"1feebdec70d5924e4706c7498a08af5a_10.3.2"},"/Users/gio/git/pi-gen/pi-template/directives/style.js":{"path":"/Users/gio/git/pi-gen/pi-template/directives/style.js","statementMap":{"0":{"start":{"line":7,"column":15},"end":{"line":7,"column":51}},"1":{"start":{"line":8,"column":2},"end":{"line":17,"column":5}},"2":{"start":{"line":9,"column":15},"end":{"line":9,"column":61}},"3":{"start":{"line":10,"column":16},"end":{"line":10,"column":52}},"4":{"start":{"line":11,"column":4},"end":{"line":13,"column":5}},"5":{"start":{"line":12,"column":6},"end":{"line":12,"column":19}},"6":{"start":{"line":15,"column":4},"end":{"line":15,"column":50}},"7":{"start":{"line":16,"column":4},"end":{"line":16,"column":79}},"8":{"start":{"line":20,"column":0},"end":{"line":29,"column":2}},"9":{"start":{"line":21,"column":2},"end":{"line":28,"column":3}},"10":{"start":{"line":22,"column":4},"end":{"line":26,"column":5}},"11":{"start":{"line":23,"column":6},"end":{"line":25,"column":19}},"12":{"start":{"line":24,"column":8},"end":{"line":24,"column":48}},"13":{"start":{"line":27,"column":4},"end":{"line":27,"column":14}},"14":{"start":{"line":31,"column":0},"end":{"line":31,"column":31}}},"fnMap":{"0":{"name":"StyleDirective","decl":{"start":{"line":3,"column":9},"end":{"line":3,"column":23}},"loc":{"start":{"line":3,"column":59},"end":{"line":18,"column":1}},"line":3},"1":{"name":"(anonymous_1)","decl":{"start":{"line":8,"column":14},"end":{"line":8,"column":15}},"loc":{"start":{"line":8,"column":33},"end":{"line":17,"column":3}},"line":8},"2":{"name":"(anonymous_2)","decl":{"start":{"line":20,"column":22},"end":{"line":20,"column":23}},"loc":{"start":{"line":20,"column":64},"end":{"line":29,"column":1}},"line":20},"3":{"name":"generateStyle","decl":{"start":{"line":21,"column":41},"end":{"line":21,"column":54}},"loc":{"start":{"line":21,"column":62},"end":{"line":28,"column":3}},"line":21},"4":{"name":"(anonymous_4)","decl":{"start":{"line":23,"column":36},"end":{"line":23,"column":37}},"loc":{"start":{"line":23,"column":56},"end":{"line":25,"column":7}},"line":23}},"branchMap":{"0":{"loc":{"start":{"line":10,"column":17},"end":{"line":10,"column":44}},"type":"binary-expr","locations":[{"start":{"line":10,"column":17},"end":{"line":10,"column":38}},{"start":{"line":10,"column":42},"end":{"line":10,"column":44}}],"line":10},"1":{"loc":{"start":{"line":11,"column":4},"end":{"line":13,"column":5}},"type":"if","locations":[{"start":{"line":11,"column":4},"end":{"line":13,"column":5}},{"start":{"line":11,"column":4},"end":{"line":13,"column":5}}],"line":11},"2":{"loc":{"start":{"line":22,"column":4},"end":{"line":26,"column":5}},"type":"if","locations":[{"start":{"line":22,"column":4},"end":{"line":26,"column":5}},{"start":{"line":22,"column":4},"end":{"line":26,"column":5}}],"line":22}},"s":{"0":1,"1":1,"2":0,"3":0,"4":0,"5":0,"6":0,"7":0,"8":1,"9":1,"10":0,"11":0,"12":0,"13":0,"14":1},"f":{"0":1,"1":0,"2":1,"3":0,"4":0},"b":{"0":[0,0],"1":[0,0],"2":[0,0]},"_coverageSchema":"332fd63041d2c1bcb487cc26dd0d5f7d97098a6c","hash":"97abd3d2496b67651bc980108748f7beddd6f3d3","contentHash":"fd8420ac99b085af32da1f872443a9ef_10.3.2"},"/Users/gio/git/pi-gen/pi-template/pipes/lowercase.js":{"path":"/Users/gio/git/pi-gen/pi-template/pipes/lowercase.js","statementMap":{"0":{"start":{"line":1,"column":0},"end":{"line":3,"column":1}},"1":{"start":{"line":2,"column":2},"end":{"line":2,"column":61}}},"fnMap":{"0":{"name":"lowercase","decl":{"start":{"line":1,"column":26},"end":{"line":1,"column":35}},"loc":{"start":{"line":1,"column":66},"end":{"line":3,"column":1}},"line":1}},"branchMap":{"0":{"loc":{"start":{"line":2,"column":9},"end":{"line":2,"column":60}},"type":"cond-expr","locations":[{"start":{"line":2,"column":25},"end":{"line":2,"column":30}},{"start":{"line":2,"column":33},"end":{"line":2,"column":60}}],"line":2}},"s":{"0":1,"1":0},"f":{"0":0},"b":{"0":[0,0]},"_coverageSchema":"332fd63041d2c1bcb487cc26dd0d5f7d97098a6c","hash":"b756bc5d81a36b424c6cb774222c5c9af161b249","contentHash":"1da067cc790ccf2e05b6f9e1ca0c422f_10.3.2"},"/Users/gio/git/pi-gen/pi-template/pipes/uppercase.js":{"path":"/Users/gio/git/pi-gen/pi-template/pipes/uppercase.js","statementMap":{"0":{"start":{"line":1,"column":0},"end":{"line":3,"column":1}},"1":{"start":{"line":2,"column":2},"end":{"line":2,"column":61}}},"fnMap":{"0":{"name":"uppercase","decl":{"start":{"line":1,"column":26},"end":{"line":1,"column":35}},"loc":{"start":{"line":1,"column":66},"end":{"line":3,"column":1}},"line":1}},"branchMap":{"0":{"loc":{"start":{"line":2,"column":9},"end":{"line":2,"column":60}},"type":"cond-expr","locations":[{"start":{"line":2,"column":25},"end":{"line":2,"column":30}},{"start":{"line":2,"column":33},"end":{"line":2,"column":60}}],"line":2}},"s":{"0":1,"1":0},"f":{"0":0},"b":{"0":[0,0]},"_coverageSchema":"332fd63041d2c1bcb487cc26dd0d5f7d97098a6c","hash":"27d9b2787288b54f0c0c511be3b49b5c2b3ff2a5","contentHash":"8bc315ba6f4f142fac8f95bfdde22e29_10.3.2"},"/Users/gio/git/pi-gen/pi-template/pipes/number.js":{"path":"/Users/gio/git/pi-gen/pi-template/pipes/number.js","statementMap":{"0":{"start":{"line":25,"column":19},"end":{"line":25,"column":50}},"1":{"start":{"line":27,"column":0},"end":{"line":34,"column":1}},"2":{"start":{"line":28,"column":16},"end":{"line":28,"column":45}},"3":{"start":{"line":30,"column":2},"end":{"line":33,"column":20}}},"fnMap":{"0":{"name":"number","decl":{"start":{"line":27,"column":26},"end":{"line":27,"column":32}},"loc":{"start":{"line":27,"column":64},"end":{"line":34,"column":1}},"line":27}},"branchMap":{"0":{"loc":{"start":{"line":30,"column":9},"end":{"line":33,"column":19}},"type":"cond-expr","locations":[{"start":{"line":31,"column":6},"end":{"line":31,"column":12}},{"start":{"line":32,"column":6},"end":{"line":33,"column":19}}],"line":30}},"s":{"0":1,"1":1,"2":0,"3":0},"f":{"0":0},"b":{"0":[0,0]},"_coverageSchema":"332fd63041d2c1bcb487cc26dd0d5f7d97098a6c","hash":"79edd8e6e358b0a64613740b8ee5edd7f5ae1e32","contentHash":"5afb3bdc9289ec294eb6518aed8ba77c_10.3.2"},"/Users/gio/git/pi-gen/pi-template/lib/number-format.js":{"path":"/Users/gio/git/pi-gen/pi-template/lib/number-format.js","statementMap":{"0":{"start":{"line":26,"column":17},"end":{"line":26,"column":19}},"1":{"start":{"line":27,"column":18},"end":{"line":27,"column":21}},"2":{"start":{"line":28,"column":16},"end":{"line":28,"column":19}},"3":{"start":{"line":44,"column":17},"end":{"line":44,"column":18}},"4":{"start":{"line":48,"column":2},"end":{"line":50,"column":3}},"5":{"start":{"line":49,"column":4},"end":{"line":49,"column":45}},"6":{"start":{"line":53,"column":2},"end":{"line":61,"column":3}},"7":{"start":{"line":55,"column":4},"end":{"line":55,"column":61}},"8":{"start":{"line":55,"column":35},"end":{"line":55,"column":61}},"9":{"start":{"line":56,"column":4},"end":{"line":56,"column":50}},"10":{"start":{"line":57,"column":4},"end":{"line":57,"column":36}},"11":{"start":{"line":58,"column":9},"end":{"line":61,"column":3}},"12":{"start":{"line":60,"column":4},"end":{"line":60,"column":42}},"13":{"start":{"line":64,"column":2},"end":{"line":64,"column":66}},"14":{"start":{"line":66,"column":2},"end":{"line":82,"column":3}},"15":{"start":{"line":68,"column":4},"end":{"line":68,"column":17}},"16":{"start":{"line":69,"column":4},"end":{"line":69,"column":30}},"17":{"start":{"line":72,"column":4},"end":{"line":72,"column":12}},"18":{"start":{"line":73,"column":4},"end":{"line":73,"column":55}},"19":{"start":{"line":73,"column":47},"end":{"line":73,"column":55}},"20":{"start":{"line":76,"column":4},"end":{"line":76,"column":31}},"21":{"start":{"line":77,"column":4},"end":{"line":77,"column":16}},"22":{"start":{"line":79,"column":4},"end":{"line":81,"column":5}},"23":{"start":{"line":80,"column":6},"end":{"line":80,"column":36}},"24":{"start":{"line":85,"column":2},"end":{"line":89,"column":3}},"25":{"start":{"line":86,"column":4},"end":{"line":86,"column":46}},"26":{"start":{"line":87,"column":4},"end":{"line":87,"column":41}},"27":{"start":{"line":88,"column":4},"end":{"line":88,"column":30}},"28":{"start":{"line":91,"column":2},"end":{"line":91,"column":62}},"29":{"start":{"line":99,"column":15},"end":{"line":99,"column":29}},"30":{"start":{"line":100,"column":20},"end":{"line":100,"column":50}},"31":{"start":{"line":103,"column":2},"end":{"line":103,"column":125}},"32":{"start":{"line":106,"column":16},"end":{"line":106,"column":45}},"33":{"start":{"line":107,"column":14},"end":{"line":107,"column":29}},"34":{"start":{"line":109,"column":2},"end":{"line":124,"column":3}},"35":{"start":{"line":111,"column":4},"end":{"line":111,"column":53}},"36":{"start":{"line":114,"column":4},"end":{"line":116,"column":5}},"37":{"start":{"line":115,"column":6},"end":{"line":115,"column":20}},"38":{"start":{"line":119,"column":4},"end":{"line":119,"column":43}},"39":{"start":{"line":120,"column":4},"end":{"line":120,"column":23}},"40":{"start":{"line":121,"column":4},"end":{"line":121,"column":60}},"41":{"start":{"line":122,"column":4},"end":{"line":122,"column":18}},"42":{"start":{"line":123,"column":4},"end":{"line":123,"column":52}},"43":{"start":{"line":123,"column":38},"end":{"line":123,"column":52}},"44":{"start":{"line":126,"column":2},"end":{"line":137,"column":3}},"45":{"start":{"line":127,"column":4},"end":{"line":136,"column":5}},"46":{"start":{"line":128,"column":6},"end":{"line":131,"column":7}},"47":{"start":{"line":129,"column":8},"end":{"line":129,"column":26}},"48":{"start":{"line":130,"column":8},"end":{"line":130,"column":25}},"49":{"start":{"line":132,"column":6},"end":{"line":132,"column":24}},"50":{"start":{"line":133,"column":6},"end":{"line":133,"column":23}},"51":{"start":{"line":135,"column":6},"end":{"line":135,"column":28}},"52":{"start":{"line":140,"column":2},"end":{"line":140,"column":80}},"53":{"start":{"line":140,"column":65},"end":{"line":140,"column":80}},"54":{"start":{"line":144,"column":14},"end":{"line":148,"column":7}},"55":{"start":{"line":145,"column":4},"end":{"line":145,"column":18}},"56":{"start":{"line":146,"column":4},"end":{"line":146,"column":23}},"57":{"start":{"line":147,"column":4},"end":{"line":147,"column":30}},"58":{"start":{"line":149,"column":2},"end":{"line":152,"column":3}},"59":{"start":{"line":150,"column":4},"end":{"line":150,"column":26}},"60":{"start":{"line":151,"column":4},"end":{"line":151,"column":21}},"61":{"start":{"line":175,"column":2},"end":{"line":175,"column":98}},"62":{"start":{"line":175,"column":88},"end":{"line":175,"column":98}},"63":{"start":{"line":177,"column":19},"end":{"line":177,"column":36}},"64":{"start":{"line":178,"column":15},"end":{"line":178,"column":20}},"65":{"start":{"line":179,"column":15},"end":{"line":179,"column":36}},"66":{"start":{"line":180,"column":20},"end":{"line":180,"column":22}},"67":{"start":{"line":183,"column":2},"end":{"line":231,"column":3}},"68":{"start":{"line":184,"column":4},"end":{"line":184,"column":29}},"69":{"start":{"line":186,"column":4},"end":{"line":186,"column":33}},"70":{"start":{"line":188,"column":4},"end":{"line":188,"column":78}},"71":{"start":{"line":190,"column":17},"end":{"line":190,"column":31}},"72":{"start":{"line":191,"column":21},"end":{"line":191,"column":35}},"73":{"start":{"line":192,"column":19},"end":{"line":192,"column":33}},"74":{"start":{"line":193,"column":19},"end":{"line":193,"column":21}},"75":{"start":{"line":194,"column":4},"end":{"line":194,"column":80}},"76":{"start":{"line":194,"column":50},"end":{"line":194,"column":70}},"77":{"start":{"line":197,"column":4},"end":{"line":200,"column":5}},"78":{"start":{"line":198,"column":6},"end":{"line":198,"column":24}},"79":{"start":{"line":199,"column":6},"end":{"line":199,"column":19}},"80":{"start":{"line":203,"column":4},"end":{"line":208,"column":5}},"81":{"start":{"line":204,"column":6},"end":{"line":204,"column":58}},"82":{"start":{"line":206,"column":6},"end":{"line":206,"column":24}},"83":{"start":{"line":207,"column":6},"end":{"line":207,"column":19}},"84":{"start":{"line":211,"column":17},"end":{"line":211,"column":19}},"85":{"start":{"line":212,"column":4},"end":{"line":214,"column":5}},"86":{"start":{"line":213,"column":6},"end":{"line":213,"column":77}},"87":{"start":{"line":215,"column":4},"end":{"line":217,"column":5}},"88":{"start":{"line":216,"column":6},"end":{"line":216,"column":76}},"89":{"start":{"line":218,"column":4},"end":{"line":220,"column":5}},"90":{"start":{"line":219,"column":6},"end":{"line":219,"column":38}},"91":{"start":{"line":221,"column":4},"end":{"line":221,"column":42}},"92":{"start":{"line":224,"column":4},"end":{"line":226,"column":5}},"93":{"start":{"line":225,"column":6},"end":{"line":225,"column":54}},"94":{"start":{"line":228,"column":4},"end":{"line":230,"column":5}},"95":{"start":{"line":229,"column":6},"end":{"line":229,"column":39}},"96":{"start":{"line":232,"column":2},"end":{"line":236,"column":3}},"97":{"start":{"line":233,"column":4},"end":{"line":233,"column":59}},"98":{"start":{"line":235,"column":4},"end":{"line":235,"column":59}},"99":{"start":{"line":239,"column":0},"end":{"line":239,"column":30}}},"fnMap":{"0":{"name":"parse","decl":{"start":{"line":43,"column":9},"end":{"line":43,"column":14}},"loc":{"start":{"line":43,"column":23},"end":{"line":92,"column":1}},"line":43},"1":{"name":"roundNumber","decl":{"start":{"line":98,"column":9},"end":{"line":98,"column":20}},"loc":{"start":{"line":98,"column":67},"end":{"line":153,"column":1}},"line":98},"2":{"name":"(anonymous_2)","decl":{"start":{"line":144,"column":33},"end":{"line":144,"column":34}},"loc":{"start":{"line":144,"column":64},"end":{"line":148,"column":3}},"line":144},"3":{"name":"formatNumber","decl":{"start":{"line":173,"column":9},"end":{"line":173,"column":21}},"loc":{"start":{"line":173,"column":75},"end":{"line":237,"column":1}},"line":173},"4":{"name":"(anonymous_4)","decl":{"start":{"line":194,"column":27},"end":{"line":194,"column":28}},"loc":{"start":{"line":194,"column":48},"end":{"line":194,"column":72}},"line":194}},"branchMap":{"0":{"loc":{"start":{"line":48,"column":2},"end":{"line":50,"column":3}},"type":"if","locations":[{"start":{"line":48,"column":2},"end":{"line":50,"column":3}},{"start":{"line":48,"column":2},"end":{"line":50,"column":3}}],"line":48},"1":{"loc":{"start":{"line":53,"column":2},"end":{"line":61,"column":3}},"type":"if","locations":[{"start":{"line":53,"column":2},"end":{"line":61,"column":3}},{"start":{"line":53,"column":2},"end":{"line":61,"column":3}}],"line":53},"2":{"loc":{"start":{"line":55,"column":4},"end":{"line":55,"column":61}},"type":"if","locations":[{"start":{"line":55,"column":4},"end":{"line":55,"column":61}},{"start":{"line":55,"column":4},"end":{"line":55,"column":61}}],"line":55},"3":{"loc":{"start":{"line":58,"column":9},"end":{"line":61,"column":3}},"type":"if","locations":[{"start":{"line":58,"column":9},"end":{"line":61,"column":3}},{"start":{"line":58,"column":9},"end":{"line":61,"column":3}}],"line":58},"4":{"loc":{"start":{"line":66,"column":2},"end":{"line":82,"column":3}},"type":"if","locations":[{"start":{"line":66,"column":2},"end":{"line":82,"column":3}},{"start":{"line":66,"column":2},"end":{"line":82,"column":3}}],"line":66},"5":{"loc":{"start":{"line":85,"column":2},"end":{"line":89,"column":3}},"type":"if","locations":[{"start":{"line":85,"column":2},"end":{"line":89,"column":3}},{"start":{"line":85,"column":2},"end":{"line":89,"column":3}}],"line":85},"6":{"loc":{"start":{"line":103,"column":17},"end":{"line":103,"column":124}},"type":"cond-expr","locations":[{"start":{"line":103,"column":59},"end":{"line":103,"column":108}},{"start":{"line":103,"column":111},"end":{"line":103,"column":124}}],"line":103},"7":{"loc":{"start":{"line":109,"column":2},"end":{"line":124,"column":3}},"type":"if","locations":[{"start":{"line":109,"column":2},"end":{"line":124,"column":3}},{"start":{"line":109,"column":2},"end":{"line":124,"column":3}}],"line":109},"8":{"loc":{"start":{"line":126,"column":2},"end":{"line":137,"column":3}},"type":"if","locations":[{"start":{"line":126,"column":2},"end":{"line":137,"column":3}},{"start":{"line":126,"column":2},"end":{"line":137,"column":3}}],"line":126},"9":{"loc":{"start":{"line":127,"column":4},"end":{"line":136,"column":5}},"type":"if","locations":[{"start":{"line":127,"column":4},"end":{"line":136,"column":5}},{"start":{"line":127,"column":4},"end":{"line":136,"column":5}}],"line":127},"10":{"loc":{"start":{"line":149,"column":2},"end":{"line":152,"column":3}},"type":"if","locations":[{"start":{"line":149,"column":2},"end":{"line":152,"column":3}},{"start":{"line":149,"column":2},"end":{"line":152,"column":3}}],"line":149},"11":{"loc":{"start":{"line":175,"column":2},"end":{"line":175,"column":98}},"type":"if","locations":[{"start":{"line":175,"column":2},"end":{"line":175,"column":98}},{"start":{"line":175,"column":2},"end":{"line":175,"column":98}}],"line":175},"12":{"loc":{"start":{"line":175,"column":6},"end":{"line":175,"column":86}},"type":"binary-expr","locations":[{"start":{"line":175,"column":6},"end":{"line":175,"column":69}},{"start":{"line":175,"column":73},"end":{"line":175,"column":86}}],"line":175},"13":{"loc":{"start":{"line":175,"column":8},"end":{"line":175,"column":68}},"type":"binary-expr","locations":[{"start":{"line":175,"column":8},"end":{"line":175,"column":36}},{"start":{"line":175,"column":40},"end":{"line":175,"column":68}}],"line":175},"14":{"loc":{"start":{"line":183,"column":2},"end":{"line":231,"column":3}},"type":"if","locations":[{"start":{"line":183,"column":2},"end":{"line":231,"column":3}},{"start":{"line":183,"column":2},"end":{"line":231,"column":3}}],"line":183},"15":{"loc":{"start":{"line":194,"column":57},"end":{"line":194,"column":69}},"type":"binary-expr","locations":[{"start":{"line":194,"column":57},"end":{"line":194,"column":63}},{"start":{"line":194,"column":67},"end":{"line":194,"column":69}}],"line":194},"16":{"loc":{"start":{"line":203,"column":4},"end":{"line":208,"column":5}},"type":"if","locations":[{"start":{"line":203,"column":4},"end":{"line":208,"column":5}},{"start":{"line":203,"column":4},"end":{"line":208,"column":5}}],"line":203},"17":{"loc":{"start":{"line":212,"column":4},"end":{"line":214,"column":5}},"type":"if","locations":[{"start":{"line":212,"column":4},"end":{"line":214,"column":5}},{"start":{"line":212,"column":4},"end":{"line":214,"column":5}}],"line":212},"18":{"loc":{"start":{"line":218,"column":4},"end":{"line":220,"column":5}},"type":"if","locations":[{"start":{"line":218,"column":4},"end":{"line":220,"column":5}},{"start":{"line":218,"column":4},"end":{"line":220,"column":5}}],"line":218},"19":{"loc":{"start":{"line":224,"column":4},"end":{"line":226,"column":5}},"type":"if","locations":[{"start":{"line":224,"column":4},"end":{"line":226,"column":5}},{"start":{"line":224,"column":4},"end":{"line":226,"column":5}}],"line":224},"20":{"loc":{"start":{"line":228,"column":4},"end":{"line":230,"column":5}},"type":"if","locations":[{"start":{"line":228,"column":4},"end":{"line":230,"column":5}},{"start":{"line":228,"column":4},"end":{"line":230,"column":5}}],"line":228},"21":{"loc":{"start":{"line":232,"column":2},"end":{"line":236,"column":3}},"type":"if","locations":[{"start":{"line":232,"column":2},"end":{"line":236,"column":3}},{"start":{"line":232,"column":2},"end":{"line":236,"column":3}}],"line":232},"22":{"loc":{"start":{"line":232,"column":6},"end":{"line":232,"column":27}},"type":"binary-expr","locations":[{"start":{"line":232,"column":6},"end":{"line":232,"column":16}},{"start":{"line":232,"column":20},"end":{"line":232,"column":27}}],"line":232}},"s":{"0":1,"1":1,"2":1,"3":0,"4":0,"5":0,"6":0,"7":0,"8":0,"9":0,"10":0,"11":0,"12":0,"13":0,"14":0,"15":0,"16":0,"17":0,"18":0,"19":0,"20":0,"21":0,"22":0,"23":0,"24":0,"25":0,"26":0,"27":0,"28":0,"29":0,"30":0,"31":0,"32":0,"33":0,"34":0,"35":0,"36":0,"37":0,"38":0,"39":0,"40":0,"41":0,"42":0,"43":0,"44":0,"45":0,"46":0,"47":0,"48":0,"49":0,"50":0,"51":0,"52":0,"53":0,"54":0,"55":0,"56":0,"57":0,"58":0,"59":0,"60":0,"61":0,"62":0,"63":0,"64":0,"65":0,"66":0,"67":0,"68":0,"69":0,"70":0,"71":0,"72":0,"73":0,"74":0,"75":0,"76":0,"77":0,"78":0,"79":0,"80":0,"81":0,"82":0,"83":0,"84":0,"85":0,"86":0,"87":0,"88":0,"89":0,"90":0,"91":0,"92":0,"93":0,"94":0,"95":0,"96":0,"97":0,"98":0,"99":1},"f":{"0":0,"1":0,"2":0,"3":0,"4":0},"b":{"0":[0,0],"1":[0,0],"2":[0,0],"3":[0,0],"4":[0,0],"5":[0,0],"6":[0,0],"7":[0,0],"8":[0,0],"9":[0,0],"10":[0,0],"11":[0,0],"12":[0,0],"13":[0,0],"14":[0,0],"15":[0,0],"16":[0,0],"17":[0,0],"18":[0,0],"19":[0,0],"20":[0,0],"21":[0,0],"22":[0,0]},"_coverageSchema":"332fd63041d2c1bcb487cc26dd0d5f7d97098a6c","hash":"22b317b65eff821b182e6135a285769af419de21","contentHash":"fade18274de7023412b1a370a642c49e_10.3.2"},"/Users/gio/git/pi-gen/pi-template/pipes/currency.js":{"path":"/Users/gio/git/pi-gen/pi-template/pipes/currency.js","statementMap":{"0":{"start":{"line":25,"column":19},"end":{"line":25,"column":50}},"1":{"start":{"line":27,"column":0},"end":{"line":41,"column":1}},"2":{"start":{"line":28,"column":16},"end":{"line":28,"column":45}},"3":{"start":{"line":29,"column":2},"end":{"line":31,"column":3}},"4":{"start":{"line":30,"column":4},"end":{"line":30,"column":42}},"5":{"start":{"line":33,"column":2},"end":{"line":35,"column":3}},"6":{"start":{"line":34,"column":4},"end":{"line":34,"column":47}},"7":{"start":{"line":37,"column":2},"end":{"line":40,"column":41}}},"fnMap":{"0":{"name":"currency","decl":{"start":{"line":27,"column":26},"end":{"line":27,"column":34}},"loc":{"start":{"line":27,"column":82},"end":{"line":41,"column":1}},"line":27}},"branchMap":{"0":{"loc":{"start":{"line":29,"column":2},"end":{"line":31,"column":3}},"type":"if","locations":[{"start":{"line":29,"column":2},"end":{"line":31,"column":3}},{"start":{"line":29,"column":2},"end":{"line":31,"column":3}}],"line":29},"1":{"loc":{"start":{"line":33,"column":2},"end":{"line":35,"column":3}},"type":"if","locations":[{"start":{"line":33,"column":2},"end":{"line":35,"column":3}},{"start":{"line":33,"column":2},"end":{"line":35,"column":3}}],"line":33},"2":{"loc":{"start":{"line":37,"column":9},"end":{"line":40,"column":40}},"type":"cond-expr","locations":[{"start":{"line":38,"column":6},"end":{"line":38,"column":12}},{"start":{"line":39,"column":6},"end":{"line":40,"column":40}}],"line":37}},"s":{"0":1,"1":1,"2":0,"3":0,"4":0,"5":0,"6":0,"7":0},"f":{"0":0},"b":{"0":[0,0],"1":[0,0],"2":[0,0]},"_coverageSchema":"332fd63041d2c1bcb487cc26dd0d5f7d97098a6c","hash":"42ae71f1c619967fa120264c71fde2c331eceb4d","contentHash":"ed6e3597f8a641ac86476bb6fdd0dea6_10.3.2"},"/Users/gio/git/pi-gen/pi-template/pipes/json.js":{"path":"/Users/gio/git/pi-gen/pi-template/pipes/json.js","statementMap":{"0":{"start":{"line":1,"column":0},"end":{"line":6,"column":1}},"1":{"start":{"line":2,"column":2},"end":{"line":4,"column":3}},"2":{"start":{"line":3,"column":4},"end":{"line":3,"column":16}},"3":{"start":{"line":5,"column":2},"end":{"line":5,"column":75}}},"fnMap":{"0":{"name":"json","decl":{"start":{"line":1,"column":26},"end":{"line":1,"column":30}},"loc":{"start":{"line":1,"column":56},"end":{"line":6,"column":1}},"line":1}},"branchMap":{"0":{"loc":{"start":{"line":2,"column":2},"end":{"line":4,"column":3}},"type":"if","locations":[{"start":{"line":2,"column":2},"end":{"line":4,"column":3}},{"start":{"line":2,"column":2},"end":{"line":4,"column":3}}],"line":2},"1":{"loc":{"start":{"line":5,"column":9},"end":{"line":5,"column":74}},"type":"cond-expr","locations":[{"start":{"line":5,"column":25},"end":{"line":5,"column":30}},{"start":{"line":5,"column":33},"end":{"line":5,"column":74}}],"line":5}},"s":{"0":1,"1":0,"2":0,"3":0},"f":{"0":0},"b":{"0":[0,0],"1":[0,0]},"_coverageSchema":"332fd63041d2c1bcb487cc26dd0d5f7d97098a6c","hash":"e2ff132e52792ede6f1db51400847804597df5c5","contentHash":"397d3a2f64550042368752ed17bfdd05_10.3.2"},"/Users/gio/git/pi-gen/pi-template/pipes/date.js":{"path":"/Users/gio/git/pi-gen/pi-template/pipes/date.js","statementMap":{"0":{"start":{"line":25,"column":19},"end":{"line":57,"column":1}},"1":{"start":{"line":58,"column":16},"end":{"line":58,"column":19}},"2":{"start":{"line":60,"column":25},"end":{"line":60,"column":120}},"3":{"start":{"line":61,"column":18},"end":{"line":61,"column":27}},"4":{"start":{"line":63,"column":0},"end":{"line":106,"column":2}},"5":{"start":{"line":64,"column":16},"end":{"line":64,"column":30}},"6":{"start":{"line":65,"column":13},"end":{"line":65,"column":15}},"7":{"start":{"line":66,"column":12},"end":{"line":66,"column":14}},"8":{"start":{"line":69,"column":2},"end":{"line":69,"column":34}},"9":{"start":{"line":70,"column":2},"end":{"line":70,"column":54}},"10":{"start":{"line":71,"column":2},"end":{"line":73,"column":3}},"11":{"start":{"line":72,"column":4},"end":{"line":72,"column":82}},"12":{"start":{"line":75,"column":2},"end":{"line":77,"column":3}},"13":{"start":{"line":76,"column":4},"end":{"line":76,"column":26}},"14":{"start":{"line":79,"column":2},"end":{"line":81,"column":3}},"15":{"start":{"line":80,"column":4},"end":{"line":80,"column":16}},"16":{"start":{"line":83,"column":2},"end":{"line":92,"column":3}},"17":{"start":{"line":84,"column":4},"end":{"line":84,"column":44}},"18":{"start":{"line":85,"column":4},"end":{"line":91,"column":5}},"19":{"start":{"line":86,"column":6},"end":{"line":86,"column":38}},"20":{"start":{"line":87,"column":6},"end":{"line":87,"column":27}},"21":{"start":{"line":89,"column":6},"end":{"line":89,"column":25}},"22":{"start":{"line":90,"column":6},"end":{"line":90,"column":20}},"23":{"start":{"line":94,"column":27},"end":{"line":94,"column":51}},"24":{"start":{"line":95,"column":2},"end":{"line":98,"column":3}},"25":{"start":{"line":96,"column":4},"end":{"line":96,"column":72}},"26":{"start":{"line":97,"column":4},"end":{"line":97,"column":56}},"27":{"start":{"line":99,"column":2},"end":{"line":103,"column":5}},"28":{"start":{"line":100,"column":4},"end":{"line":100,"column":29}},"29":{"start":{"line":101,"column":4},"end":{"line":102,"column":85}},"30":{"start":{"line":105,"column":2},"end":{"line":105,"column":14}},"31":{"start":{"line":109,"column":2},"end":{"line":109,"column":67}},"32":{"start":{"line":113,"column":2},"end":{"line":113,"column":44}},"33":{"start":{"line":116,"column":20},"end":{"line":116,"column":122}},"34":{"start":{"line":120,"column":2},"end":{"line":138,"column":3}},"35":{"start":{"line":121,"column":15},"end":{"line":121,"column":26}},"36":{"start":{"line":122,"column":15},"end":{"line":122,"column":16}},"37":{"start":{"line":123,"column":14},"end":{"line":123,"column":15}},"38":{"start":{"line":124,"column":19},"end":{"line":124,"column":68}},"39":{"start":{"line":125,"column":19},"end":{"line":125,"column":62}},"40":{"start":{"line":127,"column":4},"end":{"line":130,"column":5}},"41":{"start":{"line":128,"column":6},"end":{"line":128,"column":50}},"42":{"start":{"line":129,"column":6},"end":{"line":129,"column":49}},"43":{"start":{"line":131,"column":4},"end":{"line":131,"column":102}},"44":{"start":{"line":132,"column":12},"end":{"line":132,"column":48}},"45":{"start":{"line":133,"column":12},"end":{"line":133,"column":47}},"46":{"start":{"line":134,"column":12},"end":{"line":134,"column":39}},"47":{"start":{"line":135,"column":13},"end":{"line":135,"column":66}},"48":{"start":{"line":136,"column":4},"end":{"line":136,"column":39}},"49":{"start":{"line":137,"column":4},"end":{"line":137,"column":16}},"50":{"start":{"line":139,"column":2},"end":{"line":139,"column":16}},"51":{"start":{"line":143,"column":12},"end":{"line":143,"column":14}},"52":{"start":{"line":144,"column":2},"end":{"line":151,"column":3}},"53":{"start":{"line":145,"column":4},"end":{"line":150,"column":5}},"54":{"start":{"line":146,"column":6},"end":{"line":146,"column":21}},"55":{"start":{"line":148,"column":6},"end":{"line":148,"column":17}},"56":{"start":{"line":149,"column":6},"end":{"line":149,"column":16}},"57":{"start":{"line":152,"column":2},"end":{"line":152,"column":17}},"58":{"start":{"line":153,"column":2},"end":{"line":153,"column":52}},"59":{"start":{"line":153,"column":30},"end":{"line":153,"column":52}},"60":{"start":{"line":154,"column":2},"end":{"line":156,"column":3}},"61":{"start":{"line":155,"column":4},"end":{"line":155,"column":42}},"62":{"start":{"line":157,"column":2},"end":{"line":157,"column":19}},"63":{"start":{"line":161,"column":2},"end":{"line":161,"column":23}},"64":{"start":{"line":162,"column":2},"end":{"line":169,"column":4}},"65":{"start":{"line":163,"column":16},"end":{"line":163,"column":36}},"66":{"start":{"line":164,"column":4},"end":{"line":166,"column":5}},"67":{"start":{"line":165,"column":6},"end":{"line":165,"column":22}},"68":{"start":{"line":167,"column":4},"end":{"line":167,"column":50}},"69":{"start":{"line":167,"column":39},"end":{"line":167,"column":50}},"70":{"start":{"line":168,"column":4},"end":{"line":168,"column":49}},"71":{"start":{"line":173,"column":2},"end":{"line":179,"column":4}},"72":{"start":{"line":174,"column":16},"end":{"line":174,"column":36}},"73":{"start":{"line":175,"column":21},"end":{"line":175,"column":82}},"74":{"start":{"line":176,"column":14},"end":{"line":176,"column":42}},"75":{"start":{"line":178,"column":4},"end":{"line":178,"column":31}},"76":{"start":{"line":182,"column":30},"end":{"line":182,"column":96}},"77":{"start":{"line":185,"column":13},"end":{"line":185,"column":24}},"78":{"start":{"line":186,"column":19},"end":{"line":186,"column":41}},"79":{"start":{"line":188,"column":2},"end":{"line":189,"column":38}},"80":{"start":{"line":191,"column":2},"end":{"line":191,"column":20}},"81":{"start":{"line":196,"column":25},"end":{"line":196,"column":56}},"82":{"start":{"line":199,"column":2},"end":{"line":199,"column":82}},"83":{"start":{"line":203,"column":2},"end":{"line":205,"column":50}},"84":{"start":{"line":209,"column":2},"end":{"line":217,"column":4}},"85":{"start":{"line":210,"column":21},"end":{"line":210,"column":63}},"86":{"start":{"line":211,"column":18},"end":{"line":211,"column":43}},"87":{"start":{"line":213,"column":15},"end":{"line":213,"column":39}},"88":{"start":{"line":214,"column":15},"end":{"line":214,"column":45}},"89":{"start":{"line":216,"column":4},"end":{"line":216,"column":35}},"90":{"start":{"line":221,"column":2},"end":{"line":221,"column":68}},"91":{"start":{"line":225,"column":2},"end":{"line":225,"column":69}},"92":{"start":{"line":229,"column":2},"end":{"line":229,"column":77}},"93":{"start":{"line":232,"column":17},"end":{"line":232,"column":21}},"94":{"start":{"line":236,"column":2},"end":{"line":236,"column":46}},"95":{"start":{"line":237,"column":32},"end":{"line":237,"column":87}},"96":{"start":{"line":238,"column":2},"end":{"line":238,"column":77}},"97":{"start":{"line":243,"column":2},"end":{"line":243,"column":34}},"98":{"start":{"line":244,"column":2},"end":{"line":244,"column":47}},"99":{"start":{"line":245,"column":2},"end":{"line":245,"column":14}},"100":{"start":{"line":250,"column":2},"end":{"line":250,"column":29}},"101":{"start":{"line":251,"column":27},"end":{"line":251,"column":51}},"102":{"start":{"line":252,"column":23},"end":{"line":252,"column":69}},"103":{"start":{"line":253,"column":2},"end":{"line":253,"column":79}}},"fnMap":{"0":{"name":"(anonymous_0)","decl":{"start":{"line":63,"column":17},"end":{"line":63,"column":18}},"loc":{"start":{"line":63,"column":60},"end":{"line":106,"column":1}},"line":63},"1":{"name":"(anonymous_1)","decl":{"start":{"line":99,"column":16},"end":{"line":99,"column":17}},"loc":{"start":{"line":99,"column":33},"end":{"line":103,"column":3}},"line":99},"2":{"name":"isDate","decl":{"start":{"line":108,"column":9},"end":{"line":108,"column":15}},"loc":{"start":{"line":108,"column":23},"end":{"line":110,"column":1}},"line":108},"3":{"name":"concat","decl":{"start":{"line":112,"column":9},"end":{"line":112,"column":15}},"loc":{"start":{"line":112,"column":39},"end":{"line":114,"column":1}},"line":112},"4":{"name":"jsonStringToDate","decl":{"start":{"line":118,"column":9},"end":{"line":118,"column":25}},"loc":{"start":{"line":118,"column":34},"end":{"line":140,"column":1}},"line":118},"5":{"name":"padNumber","decl":{"start":{"line":142,"column":9},"end":{"line":142,"column":18}},"loc":{"start":{"line":142,"column":47},"end":{"line":158,"column":1}},"line":142},"6":{"name":"dateGetter","decl":{"start":{"line":160,"column":9},"end":{"line":160,"column":19}},"loc":{"start":{"line":160,"column":55},"end":{"line":170,"column":1}},"line":160},"7":{"name":"(anonymous_7)","decl":{"start":{"line":162,"column":9},"end":{"line":162,"column":10}},"loc":{"start":{"line":162,"column":25},"end":{"line":169,"column":3}},"line":162},"8":{"name":"dateStrGetter","decl":{"start":{"line":172,"column":9},"end":{"line":172,"column":22}},"loc":{"start":{"line":172,"column":52},"end":{"line":180,"column":1}},"line":172},"9":{"name":"(anonymous_9)","decl":{"start":{"line":173,"column":9},"end":{"line":173,"column":10}},"loc":{"start":{"line":173,"column":34},"end":{"line":179,"column":3}},"line":173},"10":{"name":"uppercase","decl":{"start":{"line":182,"column":9},"end":{"line":182,"column":18}},"loc":{"start":{"line":182,"column":28},"end":{"line":182,"column":98}},"line":182},"11":{"name":"timeZoneGetter","decl":{"start":{"line":184,"column":9},"end":{"line":184,"column":23}},"loc":{"start":{"line":184,"column":47},"end":{"line":192,"column":1}},"line":184},"12":{"name":"getFirstThursdayOfYear","decl":{"start":{"line":194,"column":9},"end":{"line":194,"column":31}},"loc":{"start":{"line":194,"column":38},"end":{"line":200,"column":1}},"line":194},"13":{"name":"getThursdayThisWeek","decl":{"start":{"line":202,"column":9},"end":{"line":202,"column":28}},"loc":{"start":{"line":202,"column":39},"end":{"line":206,"column":1}},"line":202},"14":{"name":"weekGetter","decl":{"start":{"line":208,"column":9},"end":{"line":208,"column":19}},"loc":{"start":{"line":208,"column":26},"end":{"line":218,"column":1}},"line":208},"15":{"name":"(anonymous_15)","decl":{"start":{"line":209,"column":9},"end":{"line":209,"column":10}},"loc":{"start":{"line":209,"column":25},"end":{"line":217,"column":3}},"line":209},"16":{"name":"ampmGetter","decl":{"start":{"line":220,"column":9},"end":{"line":220,"column":19}},"loc":{"start":{"line":220,"column":35},"end":{"line":222,"column":1}},"line":220},"17":{"name":"eraGetter","decl":{"start":{"line":224,"column":9},"end":{"line":224,"column":18}},"loc":{"start":{"line":224,"column":34},"end":{"line":226,"column":1}},"line":224},"18":{"name":"longEraGetter","decl":{"start":{"line":228,"column":9},"end":{"line":228,"column":22}},"loc":{"start":{"line":228,"column":38},"end":{"line":230,"column":1}},"line":228},"19":{"name":"timezoneToOffset","decl":{"start":{"line":233,"column":9},"end":{"line":233,"column":25}},"loc":{"start":{"line":233,"column":46},"end":{"line":239,"column":1}},"line":233},"20":{"name":"addDateMinutes","decl":{"start":{"line":242,"column":9},"end":{"line":242,"column":23}},"loc":{"start":{"line":242,"column":39},"end":{"line":246,"column":1}},"line":242},"21":{"name":"convertTimezoneToLocal","decl":{"start":{"line":249,"column":9},"end":{"line":249,"column":31}},"loc":{"start":{"line":249,"column":57},"end":{"line":254,"column":1}},"line":249}},"branchMap":{"0":{"loc":{"start":{"line":69,"column":11},"end":{"line":69,"column":33}},"type":"binary-expr","locations":[{"start":{"line":69,"column":11},"end":{"line":69,"column":17}},{"start":{"line":69,"column":21},"end":{"line":69,"column":33}}],"line":69},"1":{"loc":{"start":{"line":70,"column":11},"end":{"line":70,"column":53}},"type":"binary-expr","locations":[{"start":{"line":70,"column":11},"end":{"line":70,"column":43}},{"start":{"line":70,"column":47},"end":{"line":70,"column":53}}],"line":70},"2":{"loc":{"start":{"line":71,"column":2},"end":{"line":73,"column":3}},"type":"if","locations":[{"start":{"line":71,"column":2},"end":{"line":73,"column":3}},{"start":{"line":71,"column":2},"end":{"line":73,"column":3}}],"line":71},"3":{"loc":{"start":{"line":72,"column":11},"end":{"line":72,"column":81}},"type":"cond-expr","locations":[{"start":{"line":72,"column":38},"end":{"line":72,"column":56}},{"start":{"line":72,"column":59},"end":{"line":72,"column":81}}],"line":72},"4":{"loc":{"start":{"line":75,"column":2},"end":{"line":77,"column":3}},"type":"if","locations":[{"start":{"line":75,"column":2},"end":{"line":77,"column":3}},{"start":{"line":75,"column":2},"end":{"line":77,"column":3}}],"line":75},"5":{"loc":{"start":{"line":79,"column":2},"end":{"line":81,"column":3}},"type":"if","locations":[{"start":{"line":79,"column":2},"end":{"line":81,"column":3}},{"start":{"line":79,"column":2},"end":{"line":81,"column":3}}],"line":79},"6":{"loc":{"start":{"line":79,"column":6},"end":{"line":79,"column":48}},"type":"binary-expr","locations":[{"start":{"line":79,"column":6},"end":{"line":79,"column":19}},{"start":{"line":79,"column":23},"end":{"line":79,"column":48}}],"line":79},"7":{"loc":{"start":{"line":85,"column":4},"end":{"line":91,"column":5}},"type":"if","locations":[{"start":{"line":85,"column":4},"end":{"line":91,"column":5}},{"start":{"line":85,"column":4},"end":{"line":91,"column":5}}],"line":85},"8":{"loc":{"start":{"line":95,"column":2},"end":{"line":98,"column":3}},"type":"if","locations":[{"start":{"line":95,"column":2},"end":{"line":98,"column":3}},{"start":{"line":95,"column":2},"end":{"line":98,"column":3}}],"line":95},"9":{"loc":{"start":{"line":101,"column":12},"end":{"line":102,"column":84}},"type":"cond-expr","locations":[{"start":{"line":101,"column":17},"end":{"line":101,"column":71}},{"start":{"line":102,"column":8},"end":{"line":102,"column":84}}],"line":101},"10":{"loc":{"start":{"line":102,"column":8},"end":{"line":102,"column":84}},"type":"cond-expr","locations":[{"start":{"line":102,"column":27},"end":{"line":102,"column":31}},{"start":{"line":102,"column":34},"end":{"line":102,"column":84}}],"line":102},"11":{"loc":{"start":{"line":120,"column":2},"end":{"line":138,"column":3}},"type":"if","locations":[{"start":{"line":120,"column":2},"end":{"line":138,"column":3}},{"start":{"line":120,"column":2},"end":{"line":138,"column":3}}],"line":120},"12":{"loc":{"start":{"line":124,"column":19},"end":{"line":124,"column":68}},"type":"cond-expr","locations":[{"start":{"line":124,"column":30},"end":{"line":124,"column":49}},{"start":{"line":124,"column":52},"end":{"line":124,"column":68}}],"line":124},"13":{"loc":{"start":{"line":125,"column":19},"end":{"line":125,"column":62}},"type":"cond-expr","locations":[{"start":{"line":125,"column":30},"end":{"line":125,"column":46}},{"start":{"line":125,"column":49},"end":{"line":125,"column":62}}],"line":125},"14":{"loc":{"start":{"line":127,"column":4},"end":{"line":130,"column":5}},"type":"if","locations":[{"start":{"line":127,"column":4},"end":{"line":130,"column":5}},{"start":{"line":127,"column":4},"end":{"line":130,"column":5}}],"line":127},"15":{"loc":{"start":{"line":132,"column":21},"end":{"line":132,"column":34}},"type":"binary-expr","locations":[{"start":{"line":132,"column":21},"end":{"line":132,"column":29}},{"start":{"line":132,"column":33},"end":{"line":132,"column":34}}],"line":132},"16":{"loc":{"start":{"line":133,"column":21},"end":{"line":133,"column":34}},"type":"binary-expr","locations":[{"start":{"line":133,"column":21},"end":{"line":133,"column":29}},{"start":{"line":133,"column":33},"end":{"line":133,"column":34}}],"line":133},"17":{"loc":{"start":{"line":134,"column":21},"end":{"line":134,"column":34}},"type":"binary-expr","locations":[{"start":{"line":134,"column":21},"end":{"line":134,"column":29}},{"start":{"line":134,"column":33},"end":{"line":134,"column":34}}],"line":134},"18":{"loc":{"start":{"line":135,"column":43},"end":{"line":135,"column":56}},"type":"binary-expr","locations":[{"start":{"line":135,"column":43},"end":{"line":135,"column":51}},{"start":{"line":135,"column":55},"end":{"line":135,"column":56}}],"line":135},"19":{"loc":{"start":{"line":144,"column":2},"end":{"line":151,"column":3}},"type":"if","locations":[{"start":{"line":144,"column":2},"end":{"line":151,"column":3}},{"start":{"line":144,"column":2},"end":{"line":151,"column":3}}],"line":144},"20":{"loc":{"start":{"line":144,"column":6},"end":{"line":144,"column":38}},"type":"binary-expr","locations":[{"start":{"line":144,"column":6},"end":{"line":144,"column":13}},{"start":{"line":144,"column":18},"end":{"line":144,"column":25}},{"start":{"line":144,"column":29},"end":{"line":144,"column":37}}],"line":144},"21":{"loc":{"start":{"line":145,"column":4},"end":{"line":150,"column":5}},"type":"if","locations":[{"start":{"line":145,"column":4},"end":{"line":150,"column":5}},{"start":{"line":145,"column":4},"end":{"line":150,"column":5}}],"line":145},"22":{"loc":{"start":{"line":154,"column":2},"end":{"line":156,"column":3}},"type":"if","locations":[{"start":{"line":154,"column":2},"end":{"line":156,"column":3}},{"start":{"line":154,"column":2},"end":{"line":156,"column":3}}],"line":154},"23":{"loc":{"start":{"line":161,"column":11},"end":{"line":161,"column":22}},"type":"binary-expr","locations":[{"start":{"line":161,"column":11},"end":{"line":161,"column":17}},{"start":{"line":161,"column":21},"end":{"line":161,"column":22}}],"line":161},"24":{"loc":{"start":{"line":164,"column":4},"end":{"line":166,"column":5}},"type":"if","locations":[{"start":{"line":164,"column":4},"end":{"line":166,"column":5}},{"start":{"line":164,"column":4},"end":{"line":166,"column":5}}],"line":164},"25":{"loc":{"start":{"line":164,"column":8},"end":{"line":164,"column":37}},"type":"binary-expr","locations":[{"start":{"line":164,"column":8},"end":{"line":164,"column":18}},{"start":{"line":164,"column":22},"end":{"line":164,"column":37}}],"line":164},"26":{"loc":{"start":{"line":167,"column":4},"end":{"line":167,"column":50}},"type":"if","locations":[{"start":{"line":167,"column":4},"end":{"line":167,"column":50}},{"start":{"line":167,"column":4},"end":{"line":167,"column":50}}],"line":167},"27":{"loc":{"start":{"line":167,"column":8},"end":{"line":167,"column":37}},"type":"binary-expr","locations":[{"start":{"line":167,"column":8},"end":{"line":167,"column":19}},{"start":{"line":167,"column":23},"end":{"line":167,"column":37}}],"line":167},"28":{"loc":{"start":{"line":175,"column":22},"end":{"line":175,"column":52}},"type":"cond-expr","locations":[{"start":{"line":175,"column":35},"end":{"line":175,"column":47}},{"start":{"line":175,"column":50},"end":{"line":175,"column":52}}],"line":175},"29":{"loc":{"start":{"line":175,"column":57},"end":{"line":175,"column":81}},"type":"cond-expr","locations":[{"start":{"line":175,"column":69},"end":{"line":175,"column":76}},{"start":{"line":175,"column":79},"end":{"line":175,"column":81}}],"line":175},"30":{"loc":{"start":{"line":182,"column":37},"end":{"line":182,"column":95}},"type":"cond-expr","locations":[{"start":{"line":182,"column":66},"end":{"line":182,"column":86}},{"start":{"line":182,"column":89},"end":{"line":182,"column":95}}],"line":182},"31":{"loc":{"start":{"line":186,"column":19},"end":{"line":186,"column":41}},"type":"cond-expr","locations":[{"start":{"line":186,"column":33},"end":{"line":186,"column":36}},{"start":{"line":186,"column":39},"end":{"line":186,"column":41}}],"line":186},"32":{"loc":{"start":{"line":188,"column":31},"end":{"line":188,"column":58}},"type":"cond-expr","locations":[{"start":{"line":188,"column":42},"end":{"line":188,"column":49}},{"start":{"line":188,"column":52},"end":{"line":188,"column":58}}],"line":188},"33":{"loc":{"start":{"line":199,"column":28},"end":{"line":199,"column":60}},"type":"cond-expr","locations":[{"start":{"line":199,"column":54},"end":{"line":199,"column":55}},{"start":{"line":199,"column":58},"end":{"line":199,"column":60}}],"line":199},"34":{"loc":{"start":{"line":221,"column":9},"end":{"line":221,"column":67}},"type":"cond-expr","locations":[{"start":{"line":221,"column":32},"end":{"line":221,"column":48}},{"start":{"line":221,"column":51},"end":{"line":221,"column":67}}],"line":221},"35":{"loc":{"start":{"line":225,"column":9},"end":{"line":225,"column":68}},"type":"cond-expr","locations":[{"start":{"line":225,"column":35},"end":{"line":225,"column":50}},{"start":{"line":225,"column":53},"end":{"line":225,"column":68}}],"line":225},"36":{"loc":{"start":{"line":229,"column":9},"end":{"line":229,"column":76}},"type":"cond-expr","locations":[{"start":{"line":229,"column":35},"end":{"line":229,"column":54}},{"start":{"line":229,"column":57},"end":{"line":229,"column":76}}],"line":229},"37":{"loc":{"start":{"line":238,"column":9},"end":{"line":238,"column":76}},"type":"cond-expr","locations":[{"start":{"line":238,"column":42},"end":{"line":238,"column":50}},{"start":{"line":238,"column":53},"end":{"line":238,"column":76}}],"line":238},"38":{"loc":{"start":{"line":250,"column":12},"end":{"line":250,"column":28}},"type":"cond-expr","locations":[{"start":{"line":250,"column":22},"end":{"line":250,"column":24}},{"start":{"line":250,"column":27},"end":{"line":250,"column":28}}],"line":250}},"s":{"0":1,"1":1,"2":1,"3":1,"4":1,"5":0,"6":0,"7":0,"8":0,"9":0,"10":0,"11":0,"12":0,"13":0,"14":0,"15":0,"16":0,"17":0,"18":0,"19":0,"20":0,"21":0,"22":0,"23":0,"24":0,"25":0,"26":0,"27":0,"28":0,"29":0,"30":0,"31":0,"32":0,"33":1,"34":0,"35":0,"36":0,"37":0,"38":0,"39":0,"40":0,"41":0,"42":0,"43":0,"44":0,"45":0,"46":0,"47":0,"48":0,"49":0,"50":0,"51":0,"52":0,"53":0,"54":0,"55":0,"56":0,"57":0,"58":0,"59":0,"60":0,"61":0,"62":0,"63":16,"64":16,"65":0,"66":0,"67":0,"68":0,"69":0,"70":0,"71":5,"72":0,"73":0,"74":0,"75":0,"76":0,"77":0,"78":0,"79":0,"80":0,"81":0,"82":0,"83":0,"84":2,"85":0,"86":0,"87":0,"88":0,"89":0,"90":0,"91":0,"92":0,"93":1,"94":0,"95":0,"96":0,"97":0,"98":0,"99":0,"100":0,"101":0,"102":0,"103":0},"f":{"0":0,"1":0,"2":0,"3":0,"4":0,"5":0,"6":16,"7":0,"8":5,"9
[...]
,"column":12},"end":{"line":130,"column":21}},"52":{"start":{"line":133,"column":33},"end":{"line":133,"column":55}},"53":{"start":{"line":134,"column":26},"end":{"line":134,"column":65}},"54":{"start":{"line":135,"column":10},"end":{"line":137,"column":11}},"55":{"start":{"line":136,"column":12},"end":{"line":136,"column":25}},"56":{"start":{"line":139,"column":8},"end":{"line":139,"column":20}},"57":{"start":{"line":141,"column":8},"end":{"line":141,"column":44}},"58":{"start":{"line":144,"column":6},"end":{"line":144,"column":19}},"59":{"start":{"line":146,"column":6},"end":{"line":146,"column":42}},"60":{"start":{"line":152,"column":2},"end":{"line":152,"column":46}}},"fnMap":{"0":{"name":"filter","decl":{"start":{"line":27,"column":26},"end":{"line":27,"column":32}},"loc":{"start":{"line":27,"column":89},"end":{"line":59,"column":1}},"line":27},"1":{"name":"createPredicateFn","decl":{"start":{"line":62,"column":9},"end":{"line":62,"column":26}},"loc":{"start":{"line":62,"column":88},"end":{"line":97,"column":1}},"line":62},"2":{"name":"(anonymous_2)","decl":{"start":{"line":69,"column":17},"end":{"line":69,"column":18}},"loc":{"start":{"line":69,"column":45},"end":{"line":86,"column":5}},"line":69},"3":{"name":"(anonymous_3)","decl":{"start":{"line":89,"column":16},"end":{"line":89,"column":17}},"loc":{"start":{"line":89,"column":32},"end":{"line":94,"column":3}},"line":89},"4":{"name":"deepCompare","decl":{"start":{"line":99,"column":9},"end":{"line":99,"column":20}},"loc":{"start":{"line":99,"column":110},"end":{"line":148,"column":1}},"line":99},"5":{"name":"(anonymous_5)","decl":{"start":{"line":108,"column":23},"end":{"line":108,"column":24}},"loc":{"start":{"line":108,"column":39},"end":{"line":110,"column":5}},"line":108},"6":{"name":"getTypeForFilter","decl":{"start":{"line":151,"column":9},"end":{"line":151,"column":25}},"loc":{"start":{"line":151,"column":31},"end":{"line":153,"column":1}},"line":151}},"branchMap":{"0":{"loc":{"start":{"line":28,"column":2},"end":{"line":34,"column":3}},"type":"if","locations":[{"start":{"line":28,"column":2},"end":{"line":34,"column":3}},{"start":{"line":28,"column":2},"end":{"line":34,"column":3}}],"line":28},"1":{"loc":{"start":{"line":29,"column":4},"end":{"line":33,"column":5}},"type":"if","locations":[{"start":{"line":29,"column":4},"end":{"line":33,"column":5}},{"start":{"line":29,"column":4},"end":{"line":33,"column":5}}],"line":29},"2":{"loc":{"start":{"line":36,"column":19},"end":{"line":36,"column":40}},"type":"binary-expr","locations":[{"start":{"line":36,"column":19},"end":{"line":36,"column":33}},{"start":{"line":36,"column":37},"end":{"line":36,"column":40}}],"line":36},"3":{"loc":{"start":{"line":41,"column":2},"end":{"line":56,"column":3}},"type":"switch","locations":[{"start":{"line":42,"column":4},"end":{"line":44,"column":12}},{"start":{"line":45,"column":4},"end":{"line":45,"column":19}},{"start":{"line":46,"column":4},"end":{"line":46,"column":16}},{"start":{"line":47,"column":4},"end":{"line":47,"column":18}},{"start":{"line":48,"column":4},"end":{"line":49,"column":33}},{"start":{"line":51,"column":4},"end":{"line":53,"column":12}},{"start":{"line":54,"column":4},"end":{"line":55,"column":19}}],"line":41},"4":{"loc":{"start":{"line":63,"column":30},"end":{"line":63,"column":95}},"type":"binary-expr","locations":[{"start":{"line":63,"column":30},"end":{"line":63,"column":61}},{"start":{"line":63,"column":66},"end":{"line":63,"column":94}}],"line":63},"5":{"loc":{"start":{"line":66,"column":2},"end":{"line":87,"column":3}},"type":"if","locations":[{"start":{"line":66,"column":2},"end":{"line":87,"column":3}},{"start":{"line":66,"column":2},"end":{"line":87,"column":3}}],"line":66},"6":{"loc":{"start":{"line":68,"column":9},"end":{"line":87,"column":3}},"type":"if","locations":[{"start":{"line":68,"column":9},"end":{"line":87,"column":3}},{"start":{"line":68,"column":9},"end":{"line":87,"column":3}}],"line":68},"7":{"loc":{"start":{"line":70,"column":6},"end":{"line":73,"column":7}},"type":"if","locations":[{"start":{"line":70,"column":6},"end":{"line":73,"column":7}},{"start":{"line":70,"column":6},"end":{"line":73,"column":7}}],"line":70},"8":{"loc":{"start":{"line":74,"column":6},"end":{"line":77,"column":7}},"type":"if","locations":[{"start":{"line":74,"column":6},"end":{"line":77,"column":7}},{"start":{"line":74,"column":6},"end":{"line":77,"column":7}}],"line":74},"9":{"loc":{"start":{"line":74,"column":10},"end":{"line":74,"column":50}},"type":"binary-expr","locations":[{"start":{"line":74,"column":11},"end":{"line":74,"column":26}},{"start":{"line":74,"column":32},"end":{"line":74,"column":49}}],"line":74},"10":{"loc":{"start":{"line":78,"column":6},"end":{"line":81,"column":7}},"type":"if","locations":[{"start":{"line":78,"column":6},"end":{"line":81,"column":7}},{"start":{"line":78,"column":6},"end":{"line":81,"column":7}}],"line":78},"11":{"loc":{"start":{"line":78,"column":10},"end":{"line":78,"column":104}},"type":"binary-expr","locations":[{"start":{"line":78,"column":10},"end":{"line":78,"column":40}},{"start":{"line":78,"column":45},"end":{"line":78,"column":73}},{"start":{"line":78,"column":77},"end":{"line":78,"column":103}}],"line":78},"12":{"loc":{"start":{"line":90,"column":4},"end":{"line":92,"column":5}},"type":"if","locations":[{"start":{"line":90,"column":4},"end":{"line":92,"column":5}},{"start":{"line":90,"column":4},"end":{"line":92,"column":5}}],"line":90},"13":{"loc":{"start":{"line":90,"column":8},"end":{"line":90,"column":59}},"type":"binary-expr","locations":[{"start":{"line":90,"column":8},"end":{"line":90,"column":29}},{"start":{"line":90,"column":33},"end":{"line":90,"column":59}}],"line":90},"14":{"loc":{"start":{"line":103,"column":2},"end":{"line":111,"column":3}},"type":"if","locations":[{"start":{"line":103,"column":2},"end":{"line":111,"column":3}},{"start":{"line":103,"column":2},"end":{"line":111,"column":3}}],"line":103},"15":{"loc":{"start":{"line":103,"column":6},"end":{"line":103,"column":65}},"type":"binary-expr","locations":[{"start":{"line":103,"column":7},"end":{"line":103,"column":32}},{"start":{"line":103,"column":38},"end":{"line":103,"column":64}}],"line":103},"16":{"loc":{"start":{"line":105,"column":9},"end":{"line":111,"column":3}},"type":"if","locations":[{"start":{"line":105,"column":9},"end":{"line":111,"column":3}},{"start":{"line":105,"column":9},"end":{"line":111,"column":3}}],"line":105},"17":{"loc":{"start":{"line":113,"column":2},"end":{"line":147,"column":3}},"type":"switch","locations":[{"start":{"line":114,"column":4},"end":{"line":142,"column":7}},{"start":{"line":143,"column":4},"end":{"line":144,"column":19}},{"start":{"line":145,"column":4},"end":{"line":146,"column":42}}],"line":113},"18":{"loc":{"start":{"line":116,"column":6},"end":{"line":142,"column":7}},"type":"if","locations":[{"start":{"line":116,"column":6},"end":{"line":142,"column":7}},{"start":{"line":116,"column":6},"end":{"line":142,"column":7}}],"line":116},"19":{"loc":{"start":{"line":120,"column":10},"end":{"line":123,"column":11}},"type":"if","locations":[{"start":{"line":120,"column":10},"end":{"line":123,"column":11}},{"start":{"line":120,"column":10},"end":{"line":123,"column":11}}],"line":120},"20":{"loc":{"start":{"line":120,"column":14},"end":{"line":121,"column":80}},"type":"binary-expr","locations":[{"start":{"line":120,"column":14},"end":{"line":120,"column":24}},{"start":{"line":120,"column":29},"end":{"line":120,"column":50}},{"start":{"line":121,"column":12},"end":{"line":121,"column":80}}],"line":120},"21":{"loc":{"start":{"line":125,"column":15},"end":{"line":125,"column":110}},"type":"cond-expr","locations":[{"start":{"line":125,"column":38},"end":{"line":125,"column":43}},{"start":{"line":125,"column":46},"end":{"line":125,"column":110}}],"line":125},"22":{"loc":{"start":{"line":126,"column":13},"end":{"line":142,"column":7}},"type":"if","locations":[{"start":{"line":126,"column":13},"end":{"line":142,"column":7}},{"start":{"line":126,"column":13},"end":{"line":142,"column":7}}],"line":126},"23":{"loc":{"start":{"line":129,"column":10},"end":{"line":131,"column":11}},"type":"if","locations":[{"start":{"line":129,"column":10},"end":{"line":131,"column":11}},{"start":{"line":129,"column":10},"end":{"line":131,"column":11}}],"line":129},"24":{"loc":{"start":{"line":129,"column":14},"end":{"line":129,"column":89}},"type":"binary-expr","locations":[{"start":{"line":129,"column":14},"end":{"line":129,"column":49}},{"start":{"line":129,"column":53},"end":{"line":129,"column":89}}],"line":129},"25":{"loc":{"start":{"line":134,"column":26},"end":{"line":134,"column":65}},"type":"cond-expr","locations":[{"start":{"line":134,"column":45},"end":{"line":134,"column":51}},{"start":{"line":134,"column":54},"end":{"line":134,"column":65}}],"line":134},"26":{"loc":{"start":{"line":135,"column":10},"end":{"line":137,"column":11}},"type":"if","locations":[{"start":{"line":135,"column":10},"end":{"line":137,"column":11}},{"start":{"line":135,"column":10},"end":{"line":137,"column":11}}],"line":135},"27":{"loc":{"start":{"line":152,"column":9},"end":{"line":152,"column":45}},"type":"cond-expr","locations":[{"start":{"line":152,"column":26},"end":{"line":152,"column":32}},{"start":{"line":152,"column":35},"end":{"line":152,"column":45}}],"line":152}},"s":{"0":1,"1":0,"2":0,"3":0,"4":0,"5":0,"6":0,"7":0,"8":0,"9":0,"10":0,"11":0,"12":0,"13":0,"14":0,"15":0,"16":0,"17":0,"18":0,"19":0,"20":0,"21":0,"22":0,"23":0,"24":0,"25":0,"26":0,"27":0,"28":0,"29":0,"30":0,"31":0,"32":0,"33":0,"34":0,"35":0,"36":0,"37":0,"38":0,"39":0,"40":0,"41":0,"42":0,"43":0,"44":0,"45":0,"46":0,"47":0,"48":0,"49":0,"50":0,"51":0,"52":0,"53":0,"54":0,"55":0,"56":0,"57":0,"58":0,"59":0,"60":0},"f":{"0":0,"1":0,"2":0,"3":0,"4":0,"5":0,"6":0},"b":{"0":[0,0],"1":[0,0],"2":[0,0],"3":[0,0,0,0,0,0,0],"4":[0,0],"5":[0,0],"6":[0,0],"7":[0,0],"8":[0,0],"9":[0,0],"10":[0,0],"11":[0,0,0],"12":[0,0],"13":[0,0],"14":[0,0],"15":[0,0],"16":[0,0],"17":[0,0,0],"18":[0,0],"19":[0,0],"20":[0,0,0],"21":[0,0],"22":[0,0],"23":[0,0],"24":[0,0],"25":[0,0],"26":[0,0],"27":[0,0]},"_coverageSchema":"332fd63041d2c1bcb487cc26dd0d5f7d97098a6c","hash":"f908a0e49089d40b22618a60a3b0ecb798fc0d17","contentHash":"ab801cc3071165d46f85fc3f42e96b3b_10.3.2"},"/Users/gio/git/pi-gen/pi-template/lib/helpers.js":{"path":"/Users/gio/git/pi-gen/pi-template/lib/helpers.js","statementMap":{"0":{"start":{"line":3,"column":0},"end":{"line":7,"column":2}},"1":{"start":{"line":9,"column":9},"end":{"line":9,"column":22}},"2":{"start":{"line":10,"column":11},"end":{"line":10,"column":26}},"3":{"start":{"line":13,"column":16},"end":{"line":13,"column":54}},"4":{"start":{"line":14,"column":2},"end":{"line":14,"column":29}},"5":{"start":{"line":14,"column":16},"end":{"line":14,"column":29}},"6":{"start":{"line":15,"column":21},"end":{"line":15,"column":38}},"7":{"start":{"line":16,"column":23},"end":{"line":16,"column":40}},"8":{"start":{"line":17,"column":14},"end":{"line":17,"column":31}},"9":{"start":{"line":19,"column":2},"end":{"line":21,"column":3}},"10":{"start":{"line":20,"column":4},"end":{"line":20,"column":53}},"11":{"start":{"line":23,"column":2},"end":{"line":28,"column":3}},"12":{"start":{"line":24,"column":4},"end":{"line":24,"column":39}},"13":{"start":{"line":25,"column":9},"end":{"line":28,"column":3}},"14":{"start":{"line":26,"column":4},"end":{"line":26,"column":22}},"15":{"start":{"line":27,"column":4},"end":{"line":27,"column":18}},"16":{"start":{"line":29,"column":2},"end":{"line":29,"column":124}},"17":{"start":{"line":33,"column":13},"end":{"line":33,"column":17}},"18":{"start":{"line":35,"column":2},"end":{"line":46,"column":3}},"19":{"start":{"line":36,"column":4},"end":{"line":36,"column":41}},"20":{"start":{"line":37,"column":9},"end":{"line":46,"column":3}},"21":{"start":{"line":39,"column":4},"end":{"line":45,"column":5}},"22":{"start":{"line":40,"column":21},"end":{"line":40,"column":60}},"23":{"start":{"line":41,"column":6},"end":{"line":44,"column":7}},"24":{"start":{"line":42,"column":8},"end":{"line":42,"column":49}},"25":{"start":{"line":43,"column":8},"end":{"line":43,"column":14}},"26":{"start":{"line":48,"column":2},"end":{"line":48,"column":14}},"27":{"start":{"line":50,"column":21},"end":{"line":53,"column":1}},"28":{"start":{"line":54,"column":26},"end":{"line":54,"column":40}},"29":{"start":{"line":55,"column":25},"end":{"line":55,"column":38}},"30":{"start":{"line":57,"column":2},"end":{"line":94,"column":3}},"31":{"start":{"line":58,"column":25},"end":{"line":58,"column":30}},"32":{"start":{"line":60,"column":4},"end":{"line":60,"column":95}},"33":{"start":{"line":62,"column":14},"end":{"line":62,"column":15}},"34":{"start":{"line":63,"column":4},"end":{"line":79,"column":5}},"35":{"start":{"line":64,"column":6},"end":{"line":64,"column":40}},"36":{"start":{"line":65,"column":6},"end":{"line":77,"column":7}},"37":{"start":{"line":67,"column":8},"end":{"line":70,"column":9}},"38":{"start":{"line":68,"column":10},"end":{"line":68,"column":119}},"39":{"start":{"line":69,"column":10},"end":{"line":69,"column":51}},"40":{"start":{"line":72,"column":8},"end":{"line":74,"column":9}},"41":{"start":{"line":73,"column":10},"end":{"line":73,"column":25}},"42":{"start":{"line":75,"column":13},"end":{"line":77,"column":7}},"43":{"start":{"line":76,"column":8},"end":{"line":76,"column":23}},"44":{"start":{"line":78,"column":6},"end":{"line":78,"column":12}},"45":{"start":{"line":81,"column":4},"end":{"line":93,"column":5}},"46":{"start":{"line":82,"column":18},"end":{"line":82,"column":43}},"47":{"start":{"line":83,"column":18},"end":{"line":83,"column":38}},"48":{"start":{"line":84,"column":6},"end":{"line":89,"column":7}},"49":{"start":{"line":85,"column":21},"end":{"line":85,"column":40}},"50":{"start":{"line":86,"column":19},"end":{"line":86,"column":33}},"51":{"start":{"line":87,"column":8},"end":{"line":87,"column":30}},"52":{"start":{"line":88,"column":8},"end":{"line":88,"column":72}},"53":{"start":{"line":90,"column":6},"end":{"line":90,"column":87}},"54":{"start":{"line":92,"column":6},"end":{"line":92,"column":19}},"55":{"start":{"line":95,"column":2},"end":{"line":95,"column":15}}},"fnMap":{"0":{"name":"parseRepeatExpression","decl":{"start":{"line":12,"column":9},"end":{"line":12,"column":30}},"loc":{"start":{"line":12,"column":37},"end":{"line":30,"column":1}},"line":12},"1":{"name":"read","decl":{"start":{"line":32,"column":9},"end":{"line":32,"column":13}},"loc":{"start":{"line":32,"column":29},"end":{"line":49,"column":1}},"line":32},"2":{"name":"expression","decl":{"start":{"line":56,"column":9},"end":{"line":56,"column":19}},"loc":{"start":{"line":56,"column":36},"end":{"line":96,"column":1}},"line":56}},"branchMap":{"0":{"loc":{"start":{"line":14,"column":2},"end":{"line":14,"column":29}},"type":"if","locations":[{"start":{"line":14,"column":2},"end":{"line":14,"column":29}},{"start":{"line":14,"column":2},"end":{"line":14,"column":29}}],"line":14},"1":{"loc":{"start":{"line":19,"column":2},"end":{"line":21,"column":3}},"type":"if","locations":[{"start":{"line":19,"column":2},"end":{"line":21,"column":3}},{"start":{"line":19,"column":2},"end":{"line":21,"column":3}}],"line":19},"2":{"loc":{"start":{"line":19,"column":6},"end":{"line":19,"column":47}},"type":"binary-expr","locations":[{"start":{"line":19,"column":6},"end":{"line":19,"column":11}},{"start":{"line":19,"column":15},"end":{"line":19,"column":47}}],"line":19},"3":{"loc":{"start":{"line":23,"column":2},"end":{"line":28,"column":3}},"type":"if","locations":[{"start":{"line":23,"column":2},"end":{"line":28,"column":3}},{"start":{"line":23,"column":2},"end":{"line":28,"column":3}}],"line":23},"4":{"loc":{"start":{"line":25,"column":9},"end":{"line":28,"column":3}},"type":"if","locations":[{"start":{"line":25,"column":9},"end":{"line":28,"column":3}},{"start":{"line":25,"column":9},"end":{"line":28,"column":3}}],"line":25},"5":{"loc":{"start":{"line":35,"column":2},"end":{"line":46,"column":3}},"type":"if","locations":[{"start":{"line":35,"column":2},"end":{"line":46,"column":3}},{"start":{"line":35,"column":2},"end":{"line":46,"column":3}}],"line":35},"6":{"loc":{"start":{"line":37,"column":9},"end":{"line":46,"column":3}},"type":"if","locations":[{"start":{"line":37,"column":9},"end":{"line":46,"column":3}},{"start":{"line":37,"column":9},"end":{"line":46,"column":3}}],"line":37},"7":{"loc":{"start":{"line":41,"column":6},"end":{"line":44,"column":7}},"type":"if","locations":[{"start":{"line":41,"column":6},"end":{"line":44,"column":7}},{"start":{"line":41,"column":6},"end":{"line":44,"column":7}}],"line":41},"8":{"loc":{"start":{"line":57,"column":2},"end":{"line":94,"column":3}},"type":"if","locations":[{"start":{"line":57,"column":2},"end":{"line":94,"column":3}},{"start":{"line":57,"column":2},"end":{"line":94,"column":3}}],"line":57},"9":{"loc":{"start":{"line":57,"column":6},"end":{"line":57,"column":40}},"type":"binary-expr","locations":[{"start":{"line":57,"column":6},"end":{"line":57,"column":11}},{"start":{"line":57,"column":15},"end":{"line":57,"column":40}}],"line":57},"10":{"loc":{"start":{"line":65,"column":6},"end":{"line":77,"column":7}},"type":"if","locations":[{"start":{"line":65,"column":6},"end":{"line":77,"column":7}},{"start":{"line":65,"column":6},"end":{"line":77,"column":7}}],"line":65},"11":{"loc":{"start":{"line":67,"column":8},"end":{"line":70,"column":9}},"type":"if","locations":[{"start":{"line":67,"column":8},"end":{"line":70,"column":9}},{"start":{"line":67,"column":8},"end":{"line":70,"column":9}}],"line":67},"12":{"loc":{"start":{"line":72,"column":8},"end":{"line":74,"column":9}},"type":"if","locations":[{"start":{"line":72,"column":8},"end":{"line":74,"column":9}},{"start":{"line":72,"column":8},"end":{"line":74,"column":9}}],"line":72},"13":{"loc":{"start":{"line":72,"column":12},"end":{"line":72,"column":71}},"type":"binary-expr","locations":[{"start":{"line":72,"column":12},"end":{"line":72,"column":28}},{"start":{"line":72,"column":32},"end":{"line":72,"column":71}}],"line":72},"14":{"loc":{"start":{"line":75,"column":13},"end":{"line":77,"column":7}},"type":"if","locations":[{"start":{"line":75,"column":13},"end":{"line":77,"column":7}},{"start":{"line":75,"column":13},"end":{"line":77,"column":7}}],"line":75},"15":{"loc":{"start":{"line":75,"column":17},"end":{"line":75,"column":45}},"type":"binary-expr","locations":[{"start":{"line":75,"column":17},"end":{"line":75,"column":29}},{"start":{"line":75,"column":33},"end":{"line":75,"column":45}}],"line":75},"16":{"loc":{"start":{"line":81,"column":4},"end":{"line":93,"column":5}},"type":"if","locations":[{"start":{"line":81,"column":4},"end":{"line":93,"column":5}},{"start":{"line":81,"column":4},"end":{"line":93,"column":5}}],"line":81}},"s":{"0":1,"1":1,"2":1,"3":0,"4":0,"5":0,"6":0,"7":0,"8":0,"9":0,"10":0,"11":0,"12":0,"13":0,"14":0,"15":0,"16":0,"17":1,"18":1,"19":0,"20":1,"21":0,"22":0,"23":0,"24":0,"25":0,"26":1,"27":1,"28":1,"29":1,"30":1,"31":0,"32":0,"33":0,"34":0,"35":0,"36":0,"37":0,"38":0,"39":0,"40":0,"41":0,"42":0,"43":0,"44":0,"45":0,"46":0,"47":0,"48":0,"49":0,"50":0,"51":0,"52":0,"53":0,"54":0,"55":1},"f":{"0":0,"1":1,"2":1},"b":{"0":[0,0],"1":[0,0],"2":[0,0],"3":[0,0],"4":[0,0],"5":[0,1],"6":[0,1],"7":[0,0],"8":[0,1],"9":[1,1],"10":[0,0],"11":[0,0],"12":[0,0],"13":[0,0],"14":[0,0],"15":[0,0],"16":[0,0]},"_coverageSchema":"332fd63041d2c1bcb487cc26dd0d5f7d97098a6c","hash":"f7dba848921a8978847f1f27911972f554c79db8","contentHash":"89f5c9301815f25c4d00d686a67c6f9f_10.3.2"},"/Users/gio/git/pi-gen/pi-template/locales/en_US.js":{"path":"/Users/gio/git/pi-gen/pi-template/locales/en_US.js","statementMap":{"0":{"start":{"line":2,"column":0},"end":{"line":121,"column":2}}},"fnMap":{},"branchMap":{},"s":{"0":1},"f":{},"b":{},"_coverageSchema":"332fd63041d2c1bcb487cc26dd0d5f7d97098a6c","hash":"9750a7e13babcfdf4efb52d449e1b16d652da8a6","contentHash":"5a18b5ca24a0289e15fad874a6a70368_10.3.2"}}